Log file open, 05/05/17 19:02:41
LogInit:Display: Running engine for game: Shooter
LogPlatformFile: Not using cached read wrapper
LogInit:Display: RandInit(1460048098) SRandInit(1460048098).
LogTaskGraph: Started task graph with 5 named threads and 8 total threads with 1 sets of task threads.
LogStats: Stats thread started at 0.071341
LogInit: Using libcurl 7.47.1
LogInit:  - built for x86_64-pc-win32
LogInit:  - supports SSL with OpenSSL/1.0.2g
LogInit:  - supports HTTP deflate (compression) using libz 1.2.8
LogInit:  - other features:
LogInit:      CURL_VERSION_SSL
LogInit:      CURL_VERSION_LIBZ
LogInit:      CURL_VERSION_IPV6
LogInit:      CURL_VERSION_ASYNCHDNS
LogInit:      CURL_VERSION_LARGEFILE
LogInit:      CURL_VERSION_IDN
LogInit:  CurlRequestOptions (configurable via config and command line):
LogInit:  - bVerifyPeer = false  - Libcurl will NOT verify peer certificate
LogInit:  - bUseHttpProxy = false  - Libcurl will NOT use HTTP proxy
LogInit:  - bDontReuseConnections = false  - Libcurl will reuse connections
LogInit:  - CertBundlePath = nullptr  - Libcurl will use whatever was configured at build time.
LogInit: Build: ++UE4+Release-4.15-CL-3416026
LogInit: Engine Version: 4.15.2-3416026+++UE4+Release-4.15
LogInit: Compatible Engine Version: 4.15.0-3299760+++UE4+Release-4.15
LogInit: Net CL: 3299760
LogDevObjectVersion: Number of dev versions registered: 14
LogDevObjectVersion:   Dev-Blueprints (B0D832E4-1F89-4F0D-ACCF-7EB736FD4AA2): 8
LogDevObjectVersion:   Dev-Build (E1C64328-A22C-4D53-A36C-8E866417BD8C): 0
LogDevObjectVersion:   Dev-Core (375EC13C-06E4-48FB-B500-84F0262A717E): 2
LogDevObjectVersion:   Dev-Editor (E4B068ED-F494-42E9-A231-DA0B2E46BB41): 14
LogDevObjectVersion:   Dev-Framework (CFFC743F-43B0-4480-9391-14DF171D2073): 22
LogDevObjectVersion:   Dev-Mobile (B02B49B5-BB20-44E9-A304-32B752E40360): 0
LogDevObjectVersion:   Dev-Networking (A4E4105C-59A1-49B5-A7C5-40C4547EDFEE): 0
LogDevObjectVersion:   Dev-Online (39C831C9-5AE6-47DC-9A44-9C173E1C8E7C): 0
LogDevObjectVersion:   Dev-Physics (78F01B33-EBEA-4F98-B9B4-84EACCB95AA2): 0
LogDevObjectVersion:   Dev-Platform (6631380F-2D4D-43E0-8009-CF276956A95A): 0
LogDevObjectVersion:   Dev-Rendering (12F88B9F-8875-4AFC-A67C-D90C383ABD29): 12
LogDevObjectVersion:   Dev-Sequencer (7B5AE74C-D270-4C10-A958-57980B212A5A): 3
LogDevObjectVersion:   Dev-VR (D7296918-1DD6-4BDD-9DE2-64A83CC13884): 0
LogDevObjectVersion:   Dev-LoadTimes (C2A15278-BFE7-4AFE-6C17-90FF531DF755): 1
LogInit: Compiled (64-bit): May  1 2017 13:11:28
LogInit: Compiled with Visual C++: 19.00.23026.00
LogInit: Build Configuration: Development
LogInit: Branch Name: ++UE4+Release-4.15
LogInit: Command line: -EpicPortal 
LogInit: Base directory: d:/Program Files/Epic Games/UE_4.15/Engine/Binaries/Win64/
LogInit: Installed Engine Build: 1
LogInit: Presizing for max 8388607 objects, including 0 objects not considered by GC, pre-allocating 0 bytes for permanent pool.
LogInit: Object subsystem initialized
[2017.05.05-23.02.42:504][  0]LogInit: Selected Device Profile: [Windows]
[2017.05.05-23.02.42:504][  0]LogInit: Applying CVar settings loaded from the selected device profile: [Windows]
[2017.05.05-23.02.42:513][  0]LogInit: Computer: DESKTOP-HROFE5N
[2017.05.05-23.02.42:513][  0]LogInit: User: VictorWang
[2017.05.05-23.02.42:513][  0]LogInit: CPU Page size=65536, Cores=4
[2017.05.05-23.02.42:513][  0]LogInit: High frequency timer resolution =3.234379 MHz
[2017.05.05-23.02.42:513][  0]LogMemory: Memory total: Physical=7.9GB (8GB approx)
[2017.05.05-23.02.42:513][  0]LogMemory: Platform Memory Stats for Windows
[2017.05.05-23.02.42:513][  0]LogMemory: Process Physical Memory: 261.77 MB used, 261.77 MB peak
[2017.05.05-23.02.42:513][  0]LogMemory: Process Virtual Memory: 262.34 MB used, 262.34 MB peak
[2017.05.05-23.02.42:513][  0]LogMemory: Physical Memory: 5459.85 MB used,  2671.79 MB free, 8131.64 MB total
[2017.05.05-23.02.42:513][  0]LogMemory: Virtual Memory: 645.30 MB used,  2671.79 MB free, 134217728.00 MB total
[2017.05.05-23.02.42:573][  0]LogTextLocalizationManager: No specific translations for ('en-CA') exist, so ('en') translations will be used.
[2017.05.05-23.02.43:146][  0]LogD3D11RHI: D3D11 adapters:
[2017.05.05-23.02.43:167][  0]LogD3D11RHI:    0. 'NVIDIA GeForce GTX 970' (Feature Level 11_0)
[2017.05.05-23.02.43:167][  0]LogD3D11RHI:       4058/0/4065 MB DedicatedVideo/DedicatedSystem/SharedSystem, Outputs:1, VendorId:0x10de
[2017.05.05-23.02.43:168][  0]LogD3D11RHI:    1. 'Microsoft Basic Render Driver' (Feature Level 11_0)
[2017.05.05-23.02.43:168][  0]LogD3D11RHI:       0/0/4065 MB DedicatedVideo/DedicatedSystem/SharedSystem, Outputs:0, VendorId:0x1414
[2017.05.05-23.02.43:168][  0]LogD3D11RHI: Chosen D3D11 Adapter: 0
[2017.05.05-23.02.43:171][  0]LogD3D11RHI: Creating new Direct3DDevice
[2017.05.05-23.02.43:172][  0]LogD3D11RHI:     GPU DeviceId: 0x13c2 (for the marketing name, search the web for "GPU Device Id")
[2017.05.05-23.02.43:172][  0]LogWindows: EnumDisplayDevices:
[2017.05.05-23.02.43:172][  0]LogWindows:    0. 'NVIDIA GeForce GTX 970' (P:1 D:1)
[2017.05.05-23.02.43:172][  0]LogWindows:    1. 'NVIDIA GeForce GTX 970' (P:0 D:0)
[2017.05.05-23.02.43:172][  0]LogWindows:    2. 'NVIDIA GeForce GTX 970' (P:0 D:0)
[2017.05.05-23.02.43:172][  0]LogWindows:    3. 'NVIDIA GeForce GTX 970' (P:0 D:0)
[2017.05.05-23.02.43:172][  0]LogWindows: DebugString: FoundDriverCount:4 
[2017.05.05-23.02.43:172][  0]LogD3D11RHI:     Adapter Name: NVIDIA GeForce GTX 970
[2017.05.05-23.02.43:172][  0]LogD3D11RHI:   Driver Version: 376.53 (internal:21.21.13.7653, unified:376.53)
[2017.05.05-23.02.43:172][  0]LogD3D11RHI:      Driver Date: 12-29-2016
[2017.05.05-23.02.43:172][  0]LogRHI: Texture pool is 1361 MB (70% of 1945 MB)
[2017.05.05-23.02.43:184][  0]LogD3D11RHI: [Aftermath] Aftermath enabled but failed to initialize due to reason: DriverVersionNotSupported
[2017.05.05-23.02.43:184][  0]LogD3D11RHI: Async texture creation enabled
[2017.05.05-23.02.43:194][  0]LogD3D11RHI: GPU Timing Frequency: 1000.000000 (Debug: 2 1)
[2017.05.05-23.02.43:242][  0]LogShaderCompilers: Guid format shader working directory is -13 characters bigger than the processId version (C:/Users/Victor Wang/Documents/GitHub/wtf/Shiny-invention/Shooter/Intermediate/Shaders/WorkingDirectory/3536/).
[2017.05.05-23.02.43:242][  0]LogShaderCompilers: Cleaned the shader compiler working directory 'C:/Users/Victor Wang/AppData/Local/Temp/UnrealShaderWorkingDir/47C2A36F48B219B70E61C8B5C57EB51D/'.
[2017.05.05-23.02.43:242][  0]LogShaderCompilers:Display: Using Local Shader Compiler.
[2017.05.05-23.02.44:134][  0]LogTemp:Display: Loaded TP AllDesktopTargetPlatform
[2017.05.05-23.02.44:183][  0]LogTemp:Display: Loaded TP MacClientTargetPlatform
[2017.05.05-23.02.44:225][  0]LogTemp:Display: Loaded TP MacNoEditorTargetPlatform
[2017.05.05-23.02.44:264][  0]LogTemp:Display: Loaded TP MacServerTargetPlatform
[2017.05.05-23.02.44:304][  0]LogTemp:Display: Loaded TP MacTargetPlatform
[2017.05.05-23.02.44:345][  0]LogTemp:Display: Loaded TP WindowsClientTargetPlatform
[2017.05.05-23.02.44:387][  0]LogTemp:Display: Loaded TP WindowsNoEditorTargetPlatform
[2017.05.05-23.02.44:428][  0]LogTemp:Display: Loaded TP WindowsServerTargetPlatform
[2017.05.05-23.02.44:460][  0]LogTemp:Display: Loaded TP WindowsTargetPlatform
[2017.05.05-23.02.44:500][  0]LogTemp:Display: Loaded TP AndroidTargetPlatform
[2017.05.05-23.02.44:544][  0]LogTemp:Display: Loaded TP Android_ASTCTargetPlatform
[2017.05.05-23.02.44:582][  0]LogTemp:Display: Loaded TP Android_ATCTargetPlatform
[2017.05.05-23.02.44:622][  0]LogTemp:Display: Loaded TP Android_DXTTargetPlatform
[2017.05.05-23.02.44:664][  0]LogTemp:Display: Loaded TP Android_ETC1TargetPlatform
[2017.05.05-23.02.44:704][  0]LogTemp:Display: Loaded TP Android_ETC2TargetPlatform
[2017.05.05-23.02.44:783][  0]LogTemp:Display: Loaded TP Android_MultiTargetPlatform
[2017.05.05-23.02.44:783][  0]LogTemp:Display: Loaded TP Android_PVRTCTargetPlatform
[2017.05.05-23.02.44:809][  0]LogTemp:Display: Loaded TP HTML5TargetPlatform
[2017.05.05-23.02.44:884][  0]LogTemp:Display: Loaded TP IOSTargetPlatform
[2017.05.05-23.02.44:910][  0]LogTemp:Display: Loaded TP TVOSTargetPlatform
[2017.05.05-23.02.44:949][  0]LogTemp:Display: Loaded TP LinuxClientTargetPlatform
[2017.05.05-23.02.44:989][  0]LogTemp:Display: Loaded TP LinuxNoEditorTargetPlatform
[2017.05.05-23.02.45:030][  0]LogTemp:Display: Loaded TP LinuxServerTargetPlatform
[2017.05.05-23.02.45:070][  0]LogTemp:Display: Loaded TP LinuxTargetPlatform
[2017.05.05-23.02.45:070][  0]LogTargetPlatformManager:Display: Building Assets For Windows
[2017.05.05-23.02.45:351][  0]LogDerivedDataCache:Display: Max Cache Size: 512 MB
[2017.05.05-23.02.45:399][  0]LogDerivedDataCache: Loaded boot cache 0.05s 50MB C:/Users/Victor Wang/AppData/Local/UnrealEngine/4.15/DerivedDataCache/Boot.ddc.
[2017.05.05-23.02.45:399][  0]LogDerivedDataCache:Display: Loaded Boot cache: C:/Users/Victor Wang/AppData/Local/UnrealEngine/4.15/DerivedDataCache/Boot.ddc
[2017.05.05-23.02.45:399][  0]LogDerivedDataCache: FDerivedDataBackendGraph:  Pak pak cache file C:/Users/Victor Wang/Documents/GitHub/wtf/Shiny-invention/Shooter/DerivedDataCache/DDC.ddp not found, will not use a pak cache.
[2017.05.05-23.02.45:399][  0]LogDerivedDataCache: Unable to find inner node Pak for hierarchical cache Hierarchy.
[2017.05.05-23.02.45:399][  0]LogDerivedDataCache: FDerivedDataBackendGraph:  CompressedPak pak cache file C:/Users/Victor Wang/Documents/GitHub/wtf/Shiny-invention/Shooter/DerivedDataCache/Compressed.ddp not found, will not use a pak cache.
[2017.05.05-23.02.45:399][  0]LogDerivedDataCache: Unable to find inner node CompressedPak for hierarchical cache Hierarchy.
[2017.05.05-23.02.45:416][  0]LogDerivedDataCache:Display: Pak cache opened for reading ../../../Engine/DerivedDataCache/Compressed.ddp.
[2017.05.05-23.02.45:428][  0]LogDerivedDataCache: Using Local data cache path C:/Users/Victor Wang/AppData/Local/UnrealEngine/Common/DerivedDataCache: Writable
[2017.05.05-23.02.45:435][  0]LogSlate: Using Freetype 2.6.0
[2017.05.05-23.02.45:436][  0]LogSlate: SlateFontCache - WITH_FREETYPE: 1, WITH_HARFBUZZ: 1
[2017.05.05-23.02.45:436][  0]LogSlate: SlateFontCache - WITH_FREETYPE: 1, WITH_HARFBUZZ: 1
[2017.05.05-23.02.45:661][  0]LogInit: Selected Device Profile: [Windows]
[2017.05.05-23.02.45:663][  0]LogContentStreaming: Texture pool size is 0.00 MB
[2017.05.05-23.02.45:824][  0]LogMeshUtilities: Using QuadricMeshReduction for automatic static mesh reduction
[2017.05.05-23.02.45:855][  0]LogSimplygon: Simplygon DLL not present - disabling.
[2017.05.05-23.02.45:894][  0]LogMeshUtilities: Using SimplygonSwarm for distributed automatic mesh merging
[2017.05.05-23.02.45:894][  0]LogMeshUtilities: No automatic skeletal mesh reduction module available
[2017.05.05-23.02.45:894][  0]LogMeshUtilities: No automatic mesh merging module available
[2017.05.05-23.02.46:310][  0]LogNetVersion: GetLocalNetworkVersion: CL: 3299760, ProjectName: shooter, ProjectVersion: , EngineNetworkVersion: 2, GameNetworkVersion: 0, NetworkChecksum: 1589670086
[2017.05.05-23.02.46:348][  0]LogAssetRegistry: FAssetRegistry took 0.0220 seconds to start up
[2017.05.05-23.02.46:380][  0]LogPackageLocalizationCache: Processed 3 localized package path(s) for 2 prioritized culture(s) in 0.019734 seconds
[2017.05.05-23.02.46:385][  0]LogUObjectArray: 32493 objects as part of root set at end of initial load.
[2017.05.05-23.02.46:385][  0]LogUObjectAllocator: 7077032 out of 0 bytes used by permanent object pool.
[2017.05.05-23.02.46:385][  0]LogUObjectArray: CloseDisregardForGC: 0/0 objects in disregard for GC pool
[2017.05.05-23.02.46:425][  0]LogInit: WinSock: version 1.1 (2.2), MaxSocks=32767, MaxUdp=65467
[2017.05.05-23.02.47:716][  0]LogTcpMessaging: Initializing TcpMessaging bridge
[2017.05.05-23.02.47:746][  0]LogUdpMessaging: Initializing bridge on interface 0.0.0.0:0 to multicast group 230.0.0.1:6666.
[2017.05.05-23.02.48:089][  0]LogMaterial: Uniform references updated for custom material expression Custom.
[2017.05.05-23.02.48:367][  0]SourceControl: Info Source control is disabled
[2017.05.05-23.02.48:367][  0]SourceControl: Info Source control is disabled
[2017.05.05-23.02.48:400][  0]SourceControl: Info Source control is disabled
[2017.05.05-23.02.48:435][  0]SourceControl: Info Source control is disabled
[2017.05.05-23.02.49:335][  0]LogEngine: Initializing Engine...
[2017.05.05-23.02.49:335][  0]LogHMD: Failed to initialize OpenVR with code 110
[2017.05.05-23.02.49:431][  0]LogStats: UGameplayTagsManager::ConstructGameplayTagTree: Construct from data asset -  0.000 s
[2017.05.05-23.02.49:431][  0]LogStats: UGameplayTagsManager::ConstructGameplayTagTree: GameplayTagTreeChangedEvent.Broadcast -  0.000 s
[2017.05.05-23.02.49:515][  0]LogAIModule: Creating AISystem for world Untitled
[2017.05.05-23.02.49:521][  0]LogInit: XAudio2 using 'OUT (2- DUO-CAPTURE EX)' : 2 channels at 44.1 kHz using 16 bits per sample (channel mask 0x3)
[2017.05.05-23.02.49:530][  0]LogInit: FAudioDevice initialized.
[2017.05.05-23.02.49:555][  0]LogDerivedDataCache: Saved boot cache 0.02s 50MB C:/Users/Victor Wang/AppData/Local/UnrealEngine/4.15/DerivedDataCache/Boot.ddc.
[2017.05.05-23.02.49:563][  0]LogInit: Texture streaming: Enabled
[2017.05.05-23.02.49:618][  0]LogEngineSessionManager: EngineSessionManager initialized
[2017.05.05-23.02.49:685][  0]LogInit: Transaction tracking system initialized
[2017.05.05-23.02.49:929][  0]BlueprintLog: New page: Editor Load
[2017.05.05-23.02.50:550][  0]LocalizationService: Info Localization service is disabled
[2017.05.05-23.02.51:193][  0]LogConsoleResponse:Display: 
[2017.05.05-23.02.51:292][  0]LogCook:Display: Max memory allowance for cook 16384mb min free memory 0mb
[2017.05.05-23.02.51:292][  0]LogCook:Display: Mobile HDR setting 1
[2017.05.05-23.02.51:992][  0]LogFileCache: Scanning file cache for directory 'C:/Users/Victor Wang/Documents/GitHub/wtf/Shiny-invention/Shooter/Content/' took 0.01s
[2017.05.05-23.02.52:023][  0]SourceControl: Info Source control is disabled
[2017.05.05-23.02.52:023][  0]Cmd: MAP LOAD FILE="C:/Users/Victor Wang/Documents/GitHub/wtf/Shiny-invention/Shooter/Content/ThirdPersonBP/Maps/ThirdPersonExampleMap.umap" TEMPLATE=0 SHOWPROGRESS=1 FEATURELEVEL=3
[2017.05.05-23.02.52:023][  0]LightingResults: New page: Lighting Build
[2017.05.05-23.02.52:050][  0]MapCheck: New page: Map Check
[2017.05.05-23.02.52:050][  0]LightingResults: New page: Lighting Build
[2017.05.05-23.02.52:473][  0]LogAIModule: Creating AISystem for world ThirdPersonExampleMap
[2017.05.05-23.02.52:497][  0]LogEditorServer: Finished looking for orphan Actors (0.000 secs)
[2017.05.05-23.02.52:497][  0]Cmd: MAP CHECKDEP NOCLEARLOG
[2017.05.05-23.02.52:538][  0]MapCheck: Info Map check complete: 0 Error(s), 0 Warning(s), took 40.215ms to complete.
[2017.05.05-23.02.52:538][  0]LogFileHelpers: Loading map 'ThirdPersonExampleMap' took 0.515
[2017.05.05-23.02.52:591][  0]LogWindowsTextInputMethodSystem:Display: IME system now deactivated.
[2017.05.05-23.02.52:685][  0]LogCollectionManager: Loaded 0 collections in 0.000635 seconds
[2017.05.05-23.02.52:750][  0]LogFileCache: Scanning file cache for directory 'C:/Users/Victor Wang/Documents/GitHub/wtf/Shiny-invention/Shooter/Saved/Collections/' took 0.01s
[2017.05.05-23.02.52:750][  0]LogFileCache: Scanning file cache for directory 'C:/Users/Victor Wang/Documents/GitHub/wtf/Shiny-invention/Shooter/Content/Developers/VictorWang/Collections/' took 0.01s
[2017.05.05-23.02.52:750][  0]LogFileCache: Scanning file cache for directory 'C:/Users/Victor Wang/Documents/GitHub/wtf/Shiny-invention/Shooter/Content/Collections/' took 0.01s
[2017.05.05-23.02.52:750][  0]LogCollectionManager: Rebuilt the GUID cache for 0 collections in 0.000002 seconds
[2017.05.05-23.02.52:758][  0]LogContentBrowser: Native class hierarchy populated in 0.0074 seconds. Added 2245 classes and 453 folders.
[2017.05.05-23.02.52:798][  0]LogContentBrowser: Native class hierarchy updated for 'WidgetCarousel' in 0.0004 seconds. Added 0 classes and 0 folders.
[2017.05.05-23.02.52:841][  0]LogContentBrowser: Native class hierarchy updated for 'AddContentDialog' in 0.0004 seconds. Added 0 classes and 0 folders.
[2017.05.05-23.02.52:872][  0]LogContentBrowser: Native class hierarchy updated for 'SceneOutliner' in 0.0004 seconds. Added 1 classes and 2 folders.
[2017.05.05-23.02.52:907][  0]LogCrashTracker: Crashtracker disabled due to settings.
[2017.05.05-23.02.52:912][  0]LogUObjectGlobals:Warning: Failed to find object 'Class None.'
[2017.05.05-23.02.52:962][  0]LogContentBrowser: Native class hierarchy updated for 'HierarchicalLODOutliner' in 0.0004 seconds. Added 1 classes and 2 folders.
[2017.05.05-23.02.52:963][  0]LogLoad: (Engine Initialization) Total time: 12.11 seconds
[2017.05.05-23.02.52:963][  0]LogLoad: (Engine Initialization) Total Blueprint compile time: 0.13 seconds
[2017.05.05-23.02.52:963][  0]LogExternalProfiler: No external profilers were discovered.  External profiling features will not be available.
[2017.05.05-23.02.52:972][  0]LogOcInput: OculusInput pre-init called
[2017.05.05-23.02.52:986][  0]LogContentStreaming: Texture pool size now 1000 MB
[2017.05.05-23.02.52:987][  0]LogSlate: Took 0.000173 seconds to synchronously load lazily loaded font '../../../Engine/Content/Slate/Fonts/Roboto-Regular.ttf' (155K)
[2017.05.05-23.02.52:990][  0]LogSlate: Took 0.000190 seconds to synchronously load lazily loaded font '../../../Engine/Content/Slate/Fonts/Roboto-Bold.ttf' (160K)
[2017.05.05-23.02.52:994][  0]LogSlate: Took 0.000220 seconds to synchronously load lazily loaded font '../../../Engine/Content/Editor/Slate/Fonts/FontAwesome.ttf' (139K)
[2017.05.05-23.02.53:091][  0]LogSlate: Took 0.000200 seconds to synchronously load lazily loaded font '../../../Engine/Content/Slate/Fonts/Roboto-Light.ttf' (159K)
[2017.05.05-23.02.53:136][  0]LogRenderer: Reallocating scene render targets to support 1208x576 NumSamples 1 (Frame:2).
[2017.05.05-23.02.53:997][ 90]LogSlate: Took 0.000223 seconds to synchronously load lazily loaded font '../../../Engine/Content/Slate/Fonts/Roboto-Light.ttf' (159K)
[2017.05.05-23.02.56:524][373]LogAssetRegistry: Asset discovery search completed in 10.1975 seconds
[2017.05.05-23.02.56:524][373]LogCollectionManager: Rebuilt the object cache for 0 collections in 0.000005 seconds (found 0 objects)
[2017.05.05-23.02.56:524][373]LogCollectionManager: Fixed up redirectors for 0 collections in 0.000016 seconds (updated 0 objects)
[2017.05.05-23.02.56:679][391]LogEditorViewport: Clicking on Actor (LMB): ThirdPersonCharacter_C (ThirdPersonCharacter)
[2017.05.05-23.03.22:059][372]LogTemp: Repeting last play command: Selected Viewport
[2017.05.05-23.03.22:072][372]LogBlueprintUserMessages: Early PlayInEditor Detection: Level '/Game/ThirdPersonBP/Maps/ThirdPersonExampleMap.ThirdPersonExampleMap:PersistentLevel' has LevelScriptBlueprint '/Game/ThirdPersonBP/Maps/ThirdPersonExampleMap.ThirdPersonExampleMap:PersistentLevel.ThirdPersonExampleMap' with GeneratedClass '/Game/ThirdPersonBP/Maps/ThirdPersonExampleMap.ThirdPersonExampleMap_C' with ClassGeneratedBy '/Game/ThirdPersonBP/Maps/ThirdPersonExampleMap.ThirdPersonExampleMap:PersistentLevel.ThirdPersonExampleMap'
[2017.05.05-23.03.22:072][372]LogPlayLevel: PlayLevel: No blueprints needed recompiling
[2017.05.05-23.03.22:094][372]PIE: New page: PIE session: ThirdPersonExampleMap (May 5, 2017, 3:03:22 PM)
[2017.05.05-23.03.22:094][372]LogPlayLevel: Creating play world package: /Game/ThirdPersonBP/Maps/UEDPIE_0_ThirdPersonExampleMap
[2017.05.05-23.03.22:123][372]LogPlayLevel: PIE: StaticDuplicateObject took: (0.028692s)
[2017.05.05-23.03.22:125][372]LogAIModule: Creating AISystem for world ThirdPersonExampleMap
[2017.05.05-23.03.22:125][372]LogPlayLevel: PIE: World Init took: (0.001514s)
[2017.05.05-23.03.22:125][372]LogPlayLevel: PIE: Created PIE world by copying editor world from /Game/ThirdPersonBP/Maps/ThirdPersonExampleMap.ThirdPersonExampleMap to /Game/ThirdPersonBP/Maps/UEDPIE_0_ThirdPersonExampleMap.ThirdPersonExampleMap (0.030510s)
[2017.05.05-23.03.22:168][372]LogInit: XAudio2 using 'OUT (2- DUO-CAPTURE EX)' : 2 channels at 44.1 kHz using 16 bits per sample (channel mask 0x3)
[2017.05.05-23.03.22:171][372]LogInit: FAudioDevice initialized.
[2017.05.05-23.03.22:240][372]LogLoad: Game class is 'ThirdPersonGameMode_C'
[2017.05.05-23.03.22:243][372]LogWorld: Bringing World /Game/ThirdPersonBP/Maps/UEDPIE_0_ThirdPersonExampleMap.ThirdPersonExampleMap up for play (max tick rate 0) at 2017.05.05-19.03.22
[2017.05.05-23.03.22:243][372]LogWorld: Bringing up level for play took: 0.001861
[2017.05.05-23.03.22:272][372]LogContentBrowser: Native class hierarchy updated for 'MovieSceneCapture' in 0.0005 seconds. Added 11 classes and 0 folders.
[2017.05.05-23.03.22:272][372]PIE: Info Play in editor start time for /Game/ThirdPersonBP/Maps/UEDPIE_0_ThirdPersonExampleMap 0.189
[2017.05.05-23.03.22:273][372]LogBlueprintUserMessages: Late PlayInEditor Detection: Level '/Game/ThirdPersonBP/Maps/ThirdPersonExampleMap.ThirdPersonExampleMap:PersistentLevel' has LevelScriptBlueprint '/Game/ThirdPersonBP/Maps/ThirdPersonExampleMap.ThirdPersonExampleMap:PersistentLevel.ThirdPersonExampleMap' with GeneratedClass '/Game/ThirdPersonBP/Maps/ThirdPersonExampleMap.ThirdPersonExampleMap_C' with ClassGeneratedBy '/Game/ThirdPersonBP/Maps/ThirdPersonExampleMap.ThirdPersonExampleMap:PersistentLevel.ThirdPersonExampleMap'
[2017.05.05-23.04.05:570][558]PIE:Warning: Warning ThrowBomb_C_0.Ball MaterialSphere has to have 'Simulate Physics' enabled if you'd like to AddImpulseAtLocation. 
[2017.05.05-23.04.07:712][810]PIE:Warning: Warning ThrowBomb_C_1.Ball MaterialSphere has to have 'Simulate Physics' enabled if you'd like to AddImpulseAtLocation. 
[2017.05.05-23.04.09:019][967]PIE:Warning: Warning ThrowBomb_C_2.Ball MaterialSphere has to have 'Simulate Physics' enabled if you'd like to AddImpulseAtLocation. 
[2017.05.05-23.04.10:287][119]PIE:Warning: Warning ThrowBomb_C_3.Ball MaterialSphere has to have 'Simulate Physics' enabled if you'd like to AddImpulseAtLocation. 
[2017.05.05-23.04.11:621][279]PIE:Warning: Warning ThrowBomb_C_4.Ball MaterialSphere has to have 'Simulate Physics' enabled if you'd like to AddImpulseAtLocation. 
[2017.05.05-23.04.13:004][445]PIE:Warning: Warning ThrowBomb_C_5.Ball MaterialSphere has to have 'Simulate Physics' enabled if you'd like to AddImpulseAtLocation. 
[2017.05.05-23.04.18:880][150]PIE:Warning: Warning ThrowBomb_C_6.Ball MaterialSphere has to have 'Simulate Physics' enabled if you'd like to AddImpulseAtLocation. 
[2017.05.05-23.04.21:932][516]PIE:Warning: Warning ThrowBomb_C_7.Ball MaterialSphere has to have 'Simulate Physics' enabled if you'd like to AddImpulseAtLocation. 
[2017.05.05-23.04.24:148][781]PIE:Warning: Warning ThrowBomb_C_8.Ball MaterialSphere has to have 'Simulate Physics' enabled if you'd like to AddImpulseAtLocation. 
[2017.05.05-23.04.25:541][948]PIE:Warning: Warning ThrowBomb_C_9.Ball MaterialSphere has to have 'Simulate Physics' enabled if you'd like to AddImpulseAtLocation. 
[2017.05.05-23.04.26:482][ 61]PIE:Warning: Warning ThrowBomb_C_10.Ball MaterialSphere has to have 'Simulate Physics' enabled if you'd like to AddImpulseAtLocation. 
[2017.05.05-23.04.28:933][355]PIE:Warning: Warning ThrowBomb_C_11.Ball MaterialSphere has to have 'Simulate Physics' enabled if you'd like to AddImpulseAtLocation. 
[2017.05.05-23.04.30:099][495]PIE:Warning: Warning ThrowBomb_C_12.Ball MaterialSphere has to have 'Simulate Physics' enabled if you'd like to AddImpulseAtLocation. 
[2017.05.05-23.04.43:904][148]LogBlueprintUserMessages: Early EndPlayMap Detection: Level '/Game/ThirdPersonBP/Maps/ThirdPersonExampleMap.ThirdPersonExampleMap:PersistentLevel' has LevelScriptBlueprint '/Game/ThirdPersonBP/Maps/ThirdPersonExampleMap.ThirdPersonExampleMap:PersistentLevel.ThirdPersonExampleMap' with GeneratedClass '/Game/ThirdPersonBP/Maps/ThirdPersonExampleMap.ThirdPersonExampleMap_C' with ClassGeneratedBy '/Game/ThirdPersonBP/Maps/ThirdPersonExampleMap.ThirdPersonExampleMap:PersistentLevel.ThirdPersonExampleMap'
[2017.05.05-23.04.44:013][148]LogBlueprintUserMessages: Late EndPlayMap Detection: Level '/Game/ThirdPersonBP/Maps/ThirdPersonExampleMap.ThirdPersonExampleMap:PersistentLevel' has LevelScriptBlueprint '/Game/ThirdPersonBP/Maps/ThirdPersonExampleMap.ThirdPersonExampleMap:PersistentLevel.ThirdPersonExampleMap' with GeneratedClass '/Game/ThirdPersonBP/Maps/ThirdPersonExampleMap.ThirdPersonExampleMap_C' with ClassGeneratedBy '/Game/ThirdPersonBP/Maps/ThirdPersonExampleMap.ThirdPersonExampleMap:PersistentLevel.ThirdPersonExampleMap'
[2017.05.05-23.04.44:914][226]Cmd: SELECT NONE
[2017.05.05-23.04.45:550][298]Cmd: SELECT NONE
[2017.05.05-23.07.25:414][363]LogWindowsTextInputMethodSystem:Display: IME system now deactivated.
[2017.05.05-23.07.25:595][364]Cmd: QUIT_EDITOR
[2017.05.05-23.07.25:994][364]LogExit: Preparing to exit.
[2017.05.05-23.07.26:958][364]LogExit: Editor shut down
[2017.05.05-23.07.26:958][364]LogExit: Transaction tracking system shut down
[2017.05.05-23.07.27:000][364]LogObj: Freed 0b from 0 cluster array pools.
[2017.05.05-23.07.27:000][364]LogExit: Object subsystem successfully closed.
[2017.05.05-23.07.27:019][364]LogD3D11RHI: Shutdown
[2017.05.05-23.07.27:019][364]LogD3D11RHI: CleanupD3DDevice
[2017.05.05-23.07.27:083][364]LogD3D11RHI: ~FD3D11DynamicRHI
[2017.05.05-23.07.27:093][364]LogModuleManager: Shutting down and abandoning module MovieSceneCapture (500)
[2017.05.05-23.07.27:093][364]LogModuleManager: Shutting down and abandoning module HierarchicalLODOutliner (498)
[2017.05.05-23.07.27:093][364]LogModuleManager: Shutting down and abandoning module CrashTracker (496)
[2017.05.05-23.07.27:093][364]LogModuleManager: Shutting down and abandoning module SceneOutliner (494)
[2017.05.05-23.07.27:093][364]LogModuleManager: Shutting down and abandoning module AddContentDialog (492)
[2017.05.05-23.07.27:093][364]LogDirectoryWatcher: A directory notification for 'd:/Program Files/Epic Games/UE_4.15/FeaturePacks/' was aborted.
[2017.05.05-23.07.27:096][364]LogModuleManager: Shutting down and abandoning module WidgetCarousel (491)
[2017.05.05-23.07.27:096][364]LogModuleManager: Shutting down and abandoning module EditorWidgets (488)
[2017.05.05-23.07.27:096][364]LogModuleManager: Shutting down and abandoning module CollectionManager (486)
[2017.05.05-23.07.27:096][364]LogDirectoryWatcher: A directory notification for 'C:/Users/Victor Wang/Documents/GitHub/wtf/Shiny-invention/Shooter/Content/Collections/' was aborted.
[2017.05.05-23.07.27:096][364]LogDirectoryWatcher: A directory notification for 'C:/Users/Victor Wang/Documents/GitHub/wtf/Shiny-invention/Shooter/Content/Developers/VictorWang/Collections/' was aborted.
[2017.05.05-23.07.27:096][364]LogDirectoryWatcher: A directory notification for 'C:/Users/Victor Wang/Documents/GitHub/wtf/Shiny-invention/Shooter/Saved/Collections/' was aborted.
[2017.05.05-23.07.27:096][364]LogModuleManager: Shutting down and abandoning module StatsViewer (484)
[2017.05.05-23.07.27:096][364]LogModuleManager: Shutting down and abandoning module FoliageEdit (482)
[2017.05.05-23.07.27:096][364]LogModuleManager: Shutting down and abandoning module LandscapeEditor (480)
[2017.05.05-23.07.27:096][364]LogModuleManager: Shutting down and abandoning module SceneDepthPickerMode (478)
[2017.05.05-23.07.27:096][364]LogModuleManager: Shutting down and abandoning module ActorPickerMode (476)
[2017.05.05-23.07.27:096][364]LogModuleManager: Shutting down and abandoning module GeometryMode (474)
[2017.05.05-23.07.27:096][364]LogModuleManager: Shutting down and abandoning module TextureAlignMode (472)
[2017.05.05-23.07.27:096][364]LogModuleManager: Shutting down and abandoning module BspMode (470)
[2017.05.05-23.07.27:096][364]LogModuleManager: Shutting down and abandoning module HardwareSurvey (468)
[2017.05.05-23.07.27:096][364]LogModuleManager: Shutting down and abandoning module SequenceRecorderSections (466)
[2017.05.05-23.07.27:096][364]LogModuleManager: Shutting down and abandoning module AutomationWorker (464)
[2017.05.05-23.07.27:096][364]LogModuleManager: Shutting down and abandoning module MatineeToLevelSequence (462)
[2017.05.05-23.07.27:096][364]LogModuleManager: Shutting down and abandoning module LevelSequenceEditor (460)
[2017.05.05-23.07.27:096][364]LogModuleManager: Shutting down and abandoning module PlacementMode (459)
[2017.05.05-23.07.27:096][364]LogModuleManager: Shutting down and abandoning module WmfMediaFactory (456)
[2017.05.05-23.07.27:096][364]LogModuleManager: Shutting down and abandoning module WmfMediaEditor (454)
[2017.05.05-23.07.27:096][364]LogModuleManager: Shutting down and abandoning module MfMediaFactory (452)
[2017.05.05-23.07.27:096][364]LogModuleManager: Shutting down and abandoning module MfMediaEditor (450)
[2017.05.05-23.07.27:096][364]LogModuleManager: Shutting down and abandoning module AvfMediaFactory (448)
[2017.05.05-23.07.27:096][364]LogModuleManager: Shutting down and abandoning module AvfMediaEditor (446)
[2017.05.05-23.07.27:096][364]LogModuleManager: Shutting down and abandoning module AndroidMediaFactory (444)
[2017.05.05-23.07.27:096][364]LogModuleManager: Shutting down and abandoning module Media (443)
[2017.05.05-23.07.27:096][364]LogModuleManager: Shutting down and abandoning module AndroidMediaEditor (440)
[2017.05.05-23.07.27:096][364]LogModuleManager: Shutting down and abandoning module CharacterAI (438)
[2017.05.05-23.07.27:096][364]LogModuleManager: Shutting down and abandoning module AudioCapture (436)
[2017.05.05-23.07.27:096][364]LogModuleManager: Shutting down and abandoning module SequenceRecorder (435)
[2017.05.05-23.07.27:096][364]LogModuleManager: Shutting down and abandoning module SmartSnapping (432)
[2017.05.05-23.07.27:096][364]LogModuleManager: Shutting down and abandoning module SessionServices (430)
[2017.05.05-23.07.27:096][364]LogModuleManager: Shutting down and abandoning module ViewportSnapping (428)
[2017.05.05-23.07.27:096][364]LogModuleManager: Shutting down and abandoning module ViewportInteraction (426)
[2017.05.05-23.07.27:096][364]LogModuleManager: Shutting down and abandoning module LogVisualizer (424)
[2017.05.05-23.07.27:097][364]LogModuleManager: Shutting down and abandoning module IntroTutorials (422)
[2017.05.05-23.07.27:097][364]LogModuleManager: Shutting down and abandoning module GameProjectGeneration (421)
[2017.05.05-23.07.27:097][364]LogModuleManager: Shutting down and abandoning module EditorLiveStreaming (418)
[2017.05.05-23.07.27:097][364]LogModuleManager: Shutting down and abandoning module IOSPlatformEditor (416)
[2017.05.05-23.07.27:097][364]LogModuleManager: Shutting down and abandoning module HTML5PlatformEditor (414)
[2017.05.05-23.07.27:097][364]LogModuleManager: Shutting down and abandoning module AndroidPlatformEditor (412)
[2017.05.05-23.07.27:097][364]LogModuleManager: Shutting down and abandoning module AndroidDeviceDetection (411)
[2017.05.05-23.07.27:897][364]LogModuleManager: Shutting down and abandoning module IOSRuntimeSettings (408)
[2017.05.05-23.07.27:898][364]LogModuleManager: Shutting down and abandoning module AndroidRuntimeSettings (406)
[2017.05.05-23.07.27:898][364]LogModuleManager: Shutting down and abandoning module InputBindingEditor (404)
[2017.05.05-23.07.27:898][364]LogModuleManager: Shutting down and abandoning module NiagaraEditor (402)
[2017.05.05-23.07.27:898][364]LogModuleManager: Shutting down and abandoning module MergeActors (400)
[2017.05.05-23.07.27:898][364]LogModuleManager: Shutting down and abandoning module SizeMap (398)
[2017.05.05-23.07.27:898][364]LogModuleManager: Shutting down and abandoning module TreeMap (396)
[2017.05.05-23.07.27:898][364]LogModuleManager: Shutting down and abandoning module ReferenceViewer (394)
[2017.05.05-23.07.27:898][364]LogModuleManager: Shutting down and abandoning module LocalizationDashboard (392)
[2017.05.05-23.07.27:898][364]LogModuleManager: Shutting down and abandoning module LocalizationService (391)
[2017.05.05-23.07.27:898][364]LogModuleManager: Shutting down and abandoning module HardwareTargeting (388)
[2017.05.05-23.07.27:898][364]LogModuleManager: Shutting down and abandoning module DeviceProfileEditor (386)
[2017.05.05-23.07.27:898][364]LogModuleManager: Shutting down and abandoning module UndoHistory (384)
[2017.05.05-23.07.27:898][364]LogModuleManager: Shutting down and abandoning module UserFeedback (382)
[2017.05.05-23.07.27:898][364]LogModuleManager: Shutting down and abandoning module XmlParser (380)
[2017.05.05-23.07.27:898][364]LogModuleManager: Shutting down and abandoning module Blutility (378)
[2017.05.05-23.07.27:898][364]LogModuleManager: Shutting down and abandoning module ProjectSettingsViewer (376)
[2017.05.05-23.07.27:898][364]LogModuleManager: Shutting down and abandoning module ProjectTargetPlatformEditor (375)
[2017.05.05-23.07.27:898][364]LogModuleManager: Shutting down and abandoning module EditorSettingsViewer (372)
[2017.05.05-23.07.27:898][364]LogModuleManager: Shutting down and abandoning module SettingsEditor (370)
[2017.05.05-23.07.27:898][364]LogModuleManager: Shutting down and abandoning module ProjectLauncher (368)
[2017.05.05-23.07.27:898][364]LogModuleManager: Shutting down and abandoning module SessionFrontend (366)
[2017.05.05-23.07.27:898][364]LogModuleManager: Shutting down and abandoning module ProfilerClient (364)
[2017.05.05-23.07.27:898][364]LogModuleManager: Shutting down and abandoning module DeviceManager (362)
[2017.05.05-23.07.27:898][364]LogModuleManager: Shutting down and abandoning module TargetDeviceServices (361)
[2017.05.05-23.07.27:941][364]LogModuleManager: Shutting down and abandoning module AutomationController (358)
[2017.05.05-23.07.27:941][364]LogModuleManager: Shutting down and abandoning module AutomationWindow (356)
[2017.05.05-23.07.27:941][364]LogModuleManager: Shutting down and abandoning module Layers (354)
[2017.05.05-23.07.27:941][364]LogModuleManager: Shutting down and abandoning module ComponentVisualizers (352)
[2017.05.05-23.07.27:941][364]LogModuleManager: Shutting down and abandoning module DetailCustomizations (350)
[2017.05.05-23.07.27:941][364]LogModuleManager: Shutting down and abandoning module PackagesDialog (348)
[2017.05.05-23.07.27:941][364]LogModuleManager: Shutting down and abandoning module Persona (346)
[2017.05.05-23.07.27:941][364]LogModuleManager: Shutting down and abandoning module AnimGraph (345)
[2017.05.05-23.07.27:941][364]LogModuleManager: Shutting down and abandoning module Kismet (342)
[2017.05.05-23.07.27:941][364]LogModuleManager: Shutting down and abandoning module GraphEditor (340)
[2017.05.05-23.07.27:941][364]LogModuleManager: Shutting down and abandoning module ClassViewer (338)
[2017.05.05-23.07.27:941][364]LogModuleManager: Shutting down and abandoning module Toolbox (336)
[2017.05.05-23.07.27:941][364]LogModuleManager: Shutting down and abandoning module ModuleUI (334)
[2017.05.05-23.07.27:941][364]LogModuleManager: Shutting down and abandoning module MovieSceneTools (332)
[2017.05.05-23.07.27:941][364]LogModuleManager: Shutting down and abandoning module OutputLog (330)
[2017.05.05-23.07.27:942][364]LogModuleManager: Shutting down and abandoning module GammaUI (328)
[2017.05.05-23.07.27:942][364]LogModuleManager: Shutting down and abandoning module Documentation (326)
[2017.05.05-23.07.27:942][364]LogModuleManager: Shutting down and abandoning module Niagara (324)
[2017.05.05-23.07.27:942][364]LogModuleManager: Shutting down and abandoning module StreamingPauseRendering (322)
[2017.05.05-23.07.27:942][364]LogModuleManager: Shutting down and abandoning module AnalyticsET (320)
[2017.05.05-23.07.27:942][364]LogModuleManager: Shutting down and abandoning module PortalServices (318)
[2017.05.05-23.07.27:942][364]LogModuleManager: Shutting down and abandoning module PortalRpc (316)
[2017.05.05-23.07.27:942][364]LogModuleManager: Shutting down and abandoning module MessagingRpc (314)
[2017.05.05-23.07.27:942][364]LogModuleManager: Shutting down and abandoning module AIModule (312)
[2017.05.05-23.07.27:942][364]LogModuleManager: Shutting down and abandoning module GameplayDebugger (311)
[2017.05.05-23.07.27:942][364]LogModuleManager: Shutting down and abandoning module AITestSuite (309)
[2017.05.05-23.07.27:942][364]LogModuleManager: Shutting down and abandoning module ProfilerService (306)
[2017.05.05-23.07.28:105][364]LogModuleManager: Shutting down and abandoning module TaskGraph (304)
[2017.05.05-23.07.28:105][364]LogModuleManager: Shutting down and abandoning module SteamVRController (302)
[2017.05.05-23.07.28:105][364]LogModuleManager: Shutting down and abandoning module SteamVR (300)
[2017.05.05-23.07.28:105][364]LogModuleManager: Shutting down and abandoning module ProceduralMeshComponentEditor (298)
[2017.05.05-23.07.28:105][364]LogModuleManager: Shutting down and abandoning module ProceduralMeshComponent (296)
[2017.05.05-23.07.28:105][364]LogModuleManager: Shutting down and abandoning module OculusLibrary (294)
[2017.05.05-23.07.28:105][364]LogModuleManager: Shutting down and abandoning module OculusInput (292)
[2017.05.05-23.07.28:105][364]LogModuleManager: Shutting down and abandoning module MobilePatchingUtils (290)
[2017.05.05-23.07.28:105][364]LogModuleManager: Shutting down and abandoning module CustomMeshComponent (288)
[2017.05.05-23.07.28:105][364]LogModuleManager: Shutting down and abandoning module CableComponent (286)
[2017.05.05-23.07.28:105][364]LogModuleManager: Shutting down and abandoning module ArchVisCharacter (284)
[2017.05.05-23.07.28:105][364]LogModuleManager: Shutting down and abandoning module MediaPlayerEditor (280)
[2017.05.05-23.07.28:105][364]LogModuleManager: Shutting down and abandoning module HTML5Networking (278)
[2017.05.05-23.07.28:105][364]LogModuleManager: Shutting down and abandoning module AlembicImporter (276)
[2017.05.05-23.07.28:105][364]LogModuleManager: Shutting down and abandoning module AlembicLibrary (275)
[2017.05.05-23.07.28:105][364]LogModuleManager: Shutting down and abandoning module GeometryCache (274)
[2017.05.05-23.07.28:105][364]LogModuleManager: Shutting down and abandoning module GeometryCacheEd (273)
[2017.05.05-23.07.28:105][364]LogModuleManager: Shutting down and abandoning module SuperSearchEditor (268)
[2017.05.05-23.07.28:105][364]LogModuleManager: Shutting down and abandoning module SuperSearch (267)
[2017.05.05-23.07.28:105][364]LogModuleManager: Shutting down and abandoning module SpeedTreeImporter (264)
[2017.05.05-23.07.28:105][364]LogModuleManager: Shutting down and abandoning module PluginBrowser (262)
[2017.05.05-23.07.28:105][364]LogModuleManager: Shutting down and abandoning module MobileLauncherProfileWizard (260)
[2017.05.05-23.07.28:105][364]LogModuleManager: Shutting down and abandoning module EpicSurvey (258)
[2017.05.05-23.07.28:105][364]LogModuleManager: Shutting down and abandoning module VisualStudioSourceCodeAccess (256)
[2017.05.05-23.07.28:105][364]LogModuleManager: Shutting down and abandoning module DesktopPlatform (255)
[2017.05.05-23.07.28:105][364]LogModuleManager: Shutting down and abandoning module UObjectPlugin (252)
[2017.05.05-23.07.28:105][364]LogModuleManager: Shutting down and abandoning module SubversionSourceControl (250)
[2017.05.05-23.07.28:105][364]LogModuleManager: Shutting down and abandoning module PerforceSourceControl (248)
[2017.05.05-23.07.28:106][364]LogModuleManager: Shutting down and abandoning module GitSourceControl (246)
[2017.05.05-23.07.28:106][364]LogModuleManager: Shutting down and abandoning module SourceControl (245)
[2017.05.05-23.07.28:106][364]LogModuleManager: Shutting down and abandoning module LightPropagationVolumeEditor (242)
[2017.05.05-23.07.28:106][364]LogModuleManager: Shutting down and abandoning module PaperTiledImporter (240)
[2017.05.05-23.07.28:106][364]LogModuleManager: Shutting down and abandoning module PaperSpriteSheetImporter (238)
[2017.05.05-23.07.28:106][364]LogModuleManager: Shutting down and abandoning module Paper2DEditor (236)
[2017.05.05-23.07.28:106][364]LogModuleManager: Shutting down and abandoning module MeshPaint (235)
[2017.05.05-23.07.28:106][364]LogModuleManager: Shutting down and abandoning module LevelEditor (233)
[2017.05.05-23.07.28:107][364]LogModuleManager: Shutting down and abandoning module PixelInspectorModule (232)
[2017.05.05-23.07.28:107][364]LogModuleManager: Shutting down and abandoning module MainFrame (230)
[2017.05.05-23.07.28:107][364]LogModuleManager: Shutting down and abandoning module HotReload (229)
[2017.05.05-23.07.28:108][364]LogModuleManager: Shutting down and abandoning module ContentBrowser (225)
[2017.05.05-23.07.28:110][364]LogModuleManager: Shutting down and abandoning module PhysXVehiclesEditor (222)
[2017.05.05-23.07.28:110][364]LogModuleManager: Shutting down and abandoning module PhysXVehicles (220)
[2017.05.05-23.07.28:110][364]LogModuleManager: Shutting down and abandoning module LocationServicesBPLibrary (218)
[2017.05.05-23.07.28:110][364]LogModuleManager: Shutting down and abandoning module UdpMessaging (216)
[2017.05.05-23.07.28:211][364]LogModuleManager: Shutting down and abandoning module TcpMessaging (214)
[2017.05.05-23.07.28:312][364]LogModuleManager: Shutting down and abandoning module GameplayTagsEditor (212)
[2017.05.05-23.07.28:312][364]LogModuleManager: Shutting down and abandoning module FacialAnimationEditor (210)
[2017.05.05-23.07.28:312][364]LogModuleManager: Shutting down and abandoning module FacialAnimation (208)
[2017.05.05-23.07.28:312][364]LogModuleManager: Shutting down and abandoning module LightPropagationVolumeRuntime (206)
[2017.05.05-23.07.28:312][364]LogModuleManager: Shutting down and abandoning module Paper2D (204)
[2017.05.05-23.07.28:312][364]LogModuleManager: Shutting down and abandoning module WindowsMoviePlayer (202)
[2017.05.05-23.07.28:312][364]LogModuleManager: Shutting down and abandoning module WmfMedia (200)
[2017.05.05-23.07.28:312][364]LogModuleManager: Shutting down and abandoning module MfMedia (198)
[2017.05.05-23.07.28:312][364]LogModuleManager: Shutting down and abandoning module MediaAssets (196)
[2017.05.05-23.07.28:312][364]LogModuleManager: Shutting down and abandoning module GameLiveStreaming (194)
[2017.05.05-23.07.28:312][364]LogModuleManager: Shutting down and abandoning module VREditor (192)
[2017.05.05-23.07.28:312][364]LogModuleManager: Shutting down and abandoning module GameplayTasksEditor (190)
[2017.05.05-23.07.28:312][364]LogModuleManager: Shutting down and abandoning module BehaviorTreeEditor (188)
[2017.05.05-23.07.28:312][364]LogModuleManager: Shutting down and abandoning module FunctionalTesting (186)
[2017.05.05-23.07.28:312][364]LogModuleManager: Shutting down and abandoning module CollisionAnalyzer (184)
[2017.05.05-23.07.28:312][364]LogModuleManager: Shutting down and abandoning module UMG (182)
[2017.05.05-23.07.28:312][364]LogModuleManager: Shutting down and abandoning module UMGEditor (181)
[2017.05.05-23.07.28:312][364]LogModuleManager: Shutting down and abandoning module Sequencer (180)
[2017.05.05-23.07.28:312][364]LogModuleManager: Shutting down and abandoning module AssetTools (178)
[2017.05.05-23.07.28:312][364]LogModuleManager: Shutting down and abandoning module MessageLog (177)
[2017.05.05-23.07.28:312][364]LogModuleManager: Shutting down and abandoning module WorkspaceMenuStructure (176)
[2017.05.05-23.07.28:312][364]LogModuleManager: Shutting down and abandoning module SlateReflector (170)
[2017.05.05-23.07.28:313][364]LogModuleManager: Shutting down and abandoning module Slate (168)
[2017.05.05-23.07.28:313][364]LogModuleManager: Shutting down and abandoning module EditorStyle (166)
[2017.05.05-23.07.28:315][364]LogModuleManager: Shutting down and abandoning module SourceCodeAccess (164)
[2017.05.05-23.07.28:315][364]LogModuleManager: Shutting down and abandoning module HeadMountedDisplay (162)
[2017.05.05-23.07.28:315][364]LogModuleManager: Shutting down and abandoning module XAudio2 (160)
[2017.05.05-23.07.28:315][364]LogModuleManager: Shutting down and abandoning module Networking (158)
[2017.05.05-23.07.28:315][364]LogModuleManager: Shutting down and abandoning module Core (154)
[2017.05.05-23.07.28:315][364]LogModuleManager: Shutting down and abandoning module AssetRegistry (152)
[2017.05.05-23.07.28:478][364]LogDirectoryWatcher: A directory notification for '../../../Engine/Content/' was aborted.
[2017.05.05-23.07.28:478][364]LogDirectoryWatcher: A directory notification for 'C:/Users/Victor Wang/Documents/GitHub/wtf/Shiny-invention/Shooter/Content/' was aborted.
[2017.05.05-23.07.28:478][364]LogDirectoryWatcher: A directory notification for '../../../Engine/Plugins/2D/Paper2D/Content/' was aborted.
[2017.05.05-23.07.28:478][364]LogModuleManager: Shutting down and abandoning module DirectoryWatcher (151)
[2017.05.05-23.07.28:479][364]LogModuleManager: Shutting down and abandoning module KismetCompiler (148)
[2017.05.05-23.07.28:479][364]LogModuleManager: Shutting down and abandoning module PhysXFormats (146)
[2017.05.05-23.07.28:479][364]LogModuleManager: Shutting down and abandoning module MeshUtilities (144)
[2017.05.05-23.07.28:479][364]LogModuleManager: Shutting down and abandoning module SimplygonSwarm (143)
[2017.05.05-23.07.28:479][364]LogModuleManager: Shutting down and abandoning module SimplygonMeshReduction (141)
[2017.05.05-23.07.28:479][364]LogModuleManager: Shutting down and abandoning module QuadricMeshReduction (139)
[2017.05.05-23.07.28:479][364]LogModuleManager: Shutting down and abandoning module PropertyEditor (137)
[2017.05.05-23.07.28:479][364]LogModuleManager: Shutting down and abandoning module DerivedDataCache (134)
[2017.05.05-23.07.28:545][364]LogDerivedDataCache: Shutdown
[2017.05.05-23.07.28:545][364]LogModuleManager: Shutting down and abandoning module TargetPlatform (132)
[2017.05.05-23.07.28:545][364]LogModuleManager: Shutting down and abandoning module VulkanShaderFormat (131)
[2017.05.05-23.07.28:545][364]LogModuleManager: Shutting down and abandoning module ShaderFormatOpenGL (129)
[2017.05.05-23.07.28:545][364]LogModuleManager: Shutting down and abandoning module ShaderFormatD3D (127)
[2017.05.05-23.07.28:545][364]LogModuleManager: Shutting down and abandoning module MetalShaderFormat (125)
[2017.05.05-23.07.28:545][364]LogModuleManager: Shutting down and abandoning module TextureFormatUncompressed (123)
[2017.05.05-23.07.28:545][364]LogModuleManager: Shutting down and abandoning module TextureFormatPVR (121)
[2017.05.05-23.07.28:545][364]LogModuleManager: Shutting down and abandoning module TextureFormatDXT (119)
[2017.05.05-23.07.28:545][364]LogModuleManager: Shutting down and abandoning module TextureFormatIntelISPCTexComp (117)
[2017.05.05-23.07.28:545][364]LogModuleManager: Shutting down and abandoning module TextureFormatASTC (115)
[2017.05.05-23.07.28:545][364]LogModuleManager: Shutting down and abandoning module ImageWrapper (114)
[2017.05.05-23.07.28:545][364]LogModuleManager: Shutting down and abandoning module TextureFormatAndroid (111)
[2017.05.05-23.07.28:545][364]LogModuleManager: Shutting down and abandoning module AudioFormatOpus (109)
[2017.05.05-23.07.28:545][364]LogModuleManager: Shutting down and abandoning module AudioFormatOgg (107)
[2017.05.05-23.07.28:545][364]LogModuleManager: Shutting down and abandoning module AudioFormatADPCM (105)
[2017.05.05-23.07.28:545][364]LogModuleManager: Shutting down and abandoning module LinuxTargetPlatform (103)
[2017.05.05-23.07.28:545][364]LogModuleManager: Shutting down and abandoning module LinuxServerTargetPlatform (101)
[2017.05.05-23.07.28:545][364]LogModuleManager: Shutting down and abandoning module LinuxNoEditorTargetPlatform (99)
[2017.05.05-23.07.28:545][364]LogModuleManager: Shutting down and abandoning module LinuxClientTargetPlatform (97)
[2017.05.05-23.07.28:545][364]LogModuleManager: Shutting down and abandoning module TVOSTargetPlatform (95)
[2017.05.05-23.07.28:545][364]LogModuleManager: Shutting down and abandoning module Messaging (93)
[2017.05.05-23.07.28:545][364]LogModuleManager: Shutting down and abandoning module IOSTargetPlatform (91)
[2017.05.05-23.07.28:545][364]LogModuleManager: Shutting down and abandoning module HTML5TargetPlatform (89)
[2017.05.05-23.07.28:545][364]LogModuleManager: Shutting down and abandoning module Android_PVRTCTargetPlatform (87)
[2017.05.05-23.07.28:545][364]LogModuleManager: Shutting down and abandoning module Android_MultiTargetPlatform (85)
[2017.05.05-23.07.28:545][364]LogModuleManager: Shutting down and abandoning module Android_ETC2TargetPlatform (83)
[2017.05.05-23.07.28:545][364]LogModuleManager: Shutting down and abandoning module Android_ETC1TargetPlatform (81)
[2017.05.05-23.07.28:545][364]LogModuleManager: Shutting down and abandoning module Android_DXTTargetPlatform (79)
[2017.05.05-23.07.28:545][364]LogModuleManager: Shutting down and abandoning module Android_ATCTargetPlatform (77)
[2017.05.05-23.07.28:545][364]LogModuleManager: Shutting down and abandoning module Android_ASTCTargetPlatform (75)
[2017.05.05-23.07.28:545][364]LogModuleManager: Shutting down and abandoning module AndroidTargetPlatform (73)
[2017.05.05-23.07.28:545][364]LogModuleManager: Shutting down and abandoning module WindowsTargetPlatform (71)
[2017.05.05-23.07.28:545][364]LogModuleManager: Shutting down and abandoning module WindowsServerTargetPlatform (69)
[2017.05.05-23.07.28:545][364]LogModuleManager: Shutting down and abandoning module WindowsNoEditorTargetPlatform (67)
[2017.05.05-23.07.28:545][364]LogModuleManager: Shutting down and abandoning module WindowsClientTargetPlatform (65)
[2017.05.05-23.07.28:545][364]LogModuleManager: Shutting down and abandoning module MacTargetPlatform (63)
[2017.05.05-23.07.28:545][364]LogModuleManager: Shutting down and abandoning module MacServerTargetPlatform (61)
[2017.05.05-23.07.28:545][364]LogModuleManager: Shutting down and abandoning module MacNoEditorTargetPlatform (59)
[2017.05.05-23.07.28:545][364]LogModuleManager: Shutting down and abandoning module MacClientTargetPlatform (57)
[2017.05.05-23.07.28:545][364]LogModuleManager: Shutting down and abandoning module AllDesktopTargetPlatform (55)
[2017.05.05-23.07.28:545][364]LogModuleManager: Shutting down and abandoning module InputCore (52)
[2017.05.05-23.07.28:545][364]LogModuleManager: Shutting down and abandoning module Settings (50)
[2017.05.05-23.07.28:545][364]LogModuleManager: Shutting down and abandoning module OculusRift (48)
[2017.05.05-23.07.28:545][364]LogModuleManager: Shutting down and abandoning module GearVR (46)
[2017.05.05-23.07.28:545][364]LogModuleManager: Shutting down and abandoning module ExampleDeviceProfileSelector (44)
[2017.05.05-23.07.28:545][364]LogModuleManager: Shutting down and abandoning module OnlineBlueprintSupport (42)
[2017.05.05-23.07.28:545][364]LogModuleManager: Shutting down and abandoning module OnlineSubsystem (38)
[2017.05.05-23.07.28:546][364]LogOnline:Display: Unloading online subsystem: NULL
[2017.05.05-23.07.28:546][364]LogModuleManager: Shutting down and abandoning module XMPP (37)
[2017.05.05-23.07.28:546][364]LogModuleManager: Shutting down and abandoning module HTTP (35)
[2017.05.05-23.07.28:546][364]LogHttp:Display: Http module shutting down, but needs to wait on 1 outstanding Http requests:
[2017.05.05-23.07.28:546][364]LogHttp:Display: 	verb=[POST] url=[https://datarouter.ol.epicgames.com/datarouter/api/v1/public/data?SessionID=%7B6918CBC6-4E61-A9B3-6F06-849D91F93E26%7D&AppID=UEEditor.Rocket.Release&AppVersion=4.15.2-3416026%2B%2B%2BUE4%2BRelease-4.15&UserID=d46b65a94ae58290be95d2be4bef1dbf%7Cd4e2615e6fe744059504e347d7f155af%7Cbe8166e7-20ae-4f48-89c5-dcc503b1127b&AppEnvironment=datacollector-binary&UploadType=eteventstream] status=Processing
[2017.05.05-23.07.28:572][364]LogModuleManager: Shutting down and abandoning module SSL (34)
[2017.05.05-23.07.28:573][364]LogModuleManager: Shutting down and abandoning module AudioEditor (30)
[2017.05.05-23.07.28:573][364]LogModuleManager: Shutting down and abandoning module TextureCompressor (28)
[2017.05.05-23.07.28:573][364]LogModuleManager: Shutting down and abandoning module ShaderCore (26)
[2017.05.05-23.07.28:573][364]LogModuleManager: Shutting down and abandoning module Landscape (24)
[2017.05.05-23.07.28:573][364]LogModuleManager: Shutting down and abandoning module SlateRHIRenderer (22)
[2017.05.05-23.07.28:574][364]LogModuleManager: Shutting down and abandoning module OpenGLDrv (20)
[2017.05.05-23.07.28:574][364]LogModuleManager: Shutting down and abandoning module D3D11RHI (18)
[2017.05.05-23.07.28:574][364]LogModuleManager: Shutting down and abandoning module AnimGraphRuntime (16)
[2017.05.05-23.07.28:574][364]LogModuleManager: Shutting down and abandoning module Renderer (14)
[2017.05.05-23.07.28:574][364]LogModuleManager: Shutting down and abandoning module Engine (12)
[2017.05.05-23.07.28:574][364]LogModuleManager: Shutting down and abandoning module CoreUObject (10)
[2017.05.05-23.07.28:574][364]LogModuleManager: Shutting down and abandoning module NetworkFile (8)
[2017.05.05-23.07.28:574][364]LogModuleManager: Shutting down and abandoning module StreamingFile (6)
[2017.05.05-23.07.28:574][364]LogModuleManager: Shutting down and abandoning module SandboxFile (4)
[2017.05.05-23.07.28:574][364]LogModuleManager: Shutting down and abandoning module PakFile (2)
[2017.05.05-23.07.28:575][364]LogExit: Exiting.
[2017.05.05-23.07.28:588][364]Log file closed, 05/05/17 19:07:28
