Log file open, 05/05/17 19:08:07
LogInit:Display: Running engine for game: Shooter
LogPlatformFile: Not using cached read wrapper
LogInit:Display: RandInit(-1780420105) SRandInit(-1780420104).
LogTaskGraph: Started task graph with 5 named threads and 8 total threads with 1 sets of task threads.
LogStats: Stats thread started at 0.070080
LogInit: Using libcurl 7.47.1
LogInit:  - built for x86_64-pc-win32
LogInit:  - supports SSL with OpenSSL/1.0.2g
LogInit:  - supports HTTP deflate (compression) using libz 1.2.8
LogInit:  - other features:
LogInit:      CURL_VERSION_SSL
LogInit:      CURL_VERSION_LIBZ
LogInit:      CURL_VERSION_IPV6
LogInit:      CURL_VERSION_ASYNCHDNS
LogInit:      CURL_VERSION_LARGEFILE
LogInit:      CURL_VERSION_IDN
LogInit:  CurlRequestOptions (configurable via config and command line):
LogInit:  - bVerifyPeer = false  - Libcurl will NOT verify peer certificate
LogInit:  - bUseHttpProxy = false  - Libcurl will NOT use HTTP proxy
LogInit:  - bDontReuseConnections = false  - Libcurl will reuse connections
LogInit:  - CertBundlePath = nullptr  - Libcurl will use whatever was configured at build time.
LogInit: Build: ++UE4+Release-4.15-CL-3416026
LogInit: Engine Version: 4.15.2-3416026+++UE4+Release-4.15
LogInit: Compatible Engine Version: 4.15.0-3299760+++UE4+Release-4.15
LogInit: Net CL: 3299760
LogDevObjectVersion: Number of dev versions registered: 14
LogDevObjectVersion:   Dev-Blueprints (B0D832E4-1F89-4F0D-ACCF-7EB736FD4AA2): 8
LogDevObjectVersion:   Dev-Build (E1C64328-A22C-4D53-A36C-8E866417BD8C): 0
LogDevObjectVersion:   Dev-Core (375EC13C-06E4-48FB-B500-84F0262A717E): 2
LogDevObjectVersion:   Dev-Editor (E4B068ED-F494-42E9-A231-DA0B2E46BB41): 14
LogDevObjectVersion:   Dev-Framework (CFFC743F-43B0-4480-9391-14DF171D2073): 22
LogDevObjectVersion:   Dev-Mobile (B02B49B5-BB20-44E9-A304-32B752E40360): 0
LogDevObjectVersion:   Dev-Networking (A4E4105C-59A1-49B5-A7C5-40C4547EDFEE): 0
LogDevObjectVersion:   Dev-Online (39C831C9-5AE6-47DC-9A44-9C173E1C8E7C): 0
LogDevObjectVersion:   Dev-Physics (78F01B33-EBEA-4F98-B9B4-84EACCB95AA2): 0
LogDevObjectVersion:   Dev-Platform (6631380F-2D4D-43E0-8009-CF276956A95A): 0
LogDevObjectVersion:   Dev-Rendering (12F88B9F-8875-4AFC-A67C-D90C383ABD29): 12
LogDevObjectVersion:   Dev-Sequencer (7B5AE74C-D270-4C10-A958-57980B212A5A): 3
LogDevObjectVersion:   Dev-VR (D7296918-1DD6-4BDD-9DE2-64A83CC13884): 0
LogDevObjectVersion:   Dev-LoadTimes (C2A15278-BFE7-4AFE-6C17-90FF531DF755): 1
LogInit: Compiled (64-bit): May  1 2017 13:11:28
LogInit: Compiled with Visual C++: 19.00.23026.00
LogInit: Build Configuration: Development
LogInit: Branch Name: ++UE4+Release-4.15
LogInit: Command line: -EpicPortal 
LogInit: Base directory: d:/Program Files/Epic Games/UE_4.15/Engine/Binaries/Win64/
LogInit: Installed Engine Build: 1
LogInit: Presizing for max 8388607 objects, including 0 objects not considered by GC, pre-allocating 0 bytes for permanent pool.
LogInit: Object subsystem initialized
[2017.05.05-23.08.08:480][  0]LogInit: Selected Device Profile: [Windows]
[2017.05.05-23.08.08:480][  0]LogInit: Applying CVar settings loaded from the selected device profile: [Windows]
[2017.05.05-23.08.08:491][  0]LogInit: Computer: DESKTOP-HROFE5N
[2017.05.05-23.08.08:491][  0]LogInit: User: VictorWang
[2017.05.05-23.08.08:491][  0]LogInit: CPU Page size=65536, Cores=4
[2017.05.05-23.08.08:491][  0]LogInit: High frequency timer resolution =3.234379 MHz
[2017.05.05-23.08.08:491][  0]LogMemory: Memory total: Physical=7.9GB (8GB approx)
[2017.05.05-23.08.08:491][  0]LogMemory: Platform Memory Stats for Windows
[2017.05.05-23.08.08:491][  0]LogMemory: Process Physical Memory: 261.84 MB used, 261.84 MB peak
[2017.05.05-23.08.08:491][  0]LogMemory: Process Virtual Memory: 262.48 MB used, 262.48 MB peak
[2017.05.05-23.08.08:491][  0]LogMemory: Physical Memory: 5631.89 MB used,  2499.75 MB free, 8131.64 MB total
[2017.05.05-23.08.08:491][  0]LogMemory: Virtual Memory: 645.30 MB used,  2499.75 MB free, 134217728.00 MB total
[2017.05.05-23.08.08:548][  0]LogTextLocalizationManager: No specific translations for ('en-CA') exist, so ('en') translations will be used.
[2017.05.05-23.08.09:146][  0]LogD3D11RHI: D3D11 adapters:
[2017.05.05-23.08.09:167][  0]LogD3D11RHI:    0. 'NVIDIA GeForce GTX 970' (Feature Level 11_0)
[2017.05.05-23.08.09:167][  0]LogD3D11RHI:       4058/0/4065 MB DedicatedVideo/DedicatedSystem/SharedSystem, Outputs:1, VendorId:0x10de
[2017.05.05-23.08.09:168][  0]LogD3D11RHI:    1. 'Microsoft Basic Render Driver' (Feature Level 11_0)
[2017.05.05-23.08.09:168][  0]LogD3D11RHI:       0/0/4065 MB DedicatedVideo/DedicatedSystem/SharedSystem, Outputs:0, VendorId:0x1414
[2017.05.05-23.08.09:168][  0]LogD3D11RHI: Chosen D3D11 Adapter: 0
[2017.05.05-23.08.09:171][  0]LogD3D11RHI: Creating new Direct3DDevice
[2017.05.05-23.08.09:171][  0]LogD3D11RHI:     GPU DeviceId: 0x13c2 (for the marketing name, search the web for "GPU Device Id")
[2017.05.05-23.08.09:171][  0]LogWindows: EnumDisplayDevices:
[2017.05.05-23.08.09:171][  0]LogWindows:    0. 'NVIDIA GeForce GTX 970' (P:1 D:1)
[2017.05.05-23.08.09:172][  0]LogWindows:    1. 'NVIDIA GeForce GTX 970' (P:0 D:0)
[2017.05.05-23.08.09:172][  0]LogWindows:    2. 'NVIDIA GeForce GTX 970' (P:0 D:0)
[2017.05.05-23.08.09:172][  0]LogWindows:    3. 'NVIDIA GeForce GTX 970' (P:0 D:0)
[2017.05.05-23.08.09:172][  0]LogWindows: DebugString: FoundDriverCount:4 
[2017.05.05-23.08.09:172][  0]LogD3D11RHI:     Adapter Name: NVIDIA GeForce GTX 970
[2017.05.05-23.08.09:172][  0]LogD3D11RHI:   Driver Version: 376.53 (internal:21.21.13.7653, unified:376.53)
[2017.05.05-23.08.09:172][  0]LogD3D11RHI:      Driver Date: 12-29-2016
[2017.05.05-23.08.09:172][  0]LogRHI: Texture pool is 1361 MB (70% of 1945 MB)
[2017.05.05-23.08.09:185][  0]LogD3D11RHI: [Aftermath] Aftermath enabled but failed to initialize due to reason: DriverVersionNotSupported
[2017.05.05-23.08.09:185][  0]LogD3D11RHI: Async texture creation enabled
[2017.05.05-23.08.09:195][  0]LogD3D11RHI: GPU Timing Frequency: 1000.000000 (Debug: 2 1)
[2017.05.05-23.08.09:242][  0]LogShaderCompilers: Guid format shader working directory is -13 characters bigger than the processId version (C:/Users/Victor Wang/Documents/GitHub/wtf/Shiny-invention/Shooter/Intermediate/Shaders/WorkingDirectory/8956/).
[2017.05.05-23.08.09:242][  0]LogShaderCompilers: Cleaned the shader compiler working directory 'C:/Users/Victor Wang/AppData/Local/Temp/UnrealShaderWorkingDir/DF4915184802A99D64D34996A83E91A5/'.
[2017.05.05-23.08.09:242][  0]LogShaderCompilers:Display: Using Local Shader Compiler.
[2017.05.05-23.08.10:163][  0]LogTemp:Display: Loaded TP AllDesktopTargetPlatform
[2017.05.05-23.08.10:204][  0]LogTemp:Display: Loaded TP MacClientTargetPlatform
[2017.05.05-23.08.10:246][  0]LogTemp:Display: Loaded TP MacNoEditorTargetPlatform
[2017.05.05-23.08.10:288][  0]LogTemp:Display: Loaded TP MacServerTargetPlatform
[2017.05.05-23.08.10:332][  0]LogTemp:Display: Loaded TP MacTargetPlatform
[2017.05.05-23.08.10:377][  0]LogTemp:Display: Loaded TP WindowsClientTargetPlatform
[2017.05.05-23.08.10:419][  0]LogTemp:Display: Loaded TP WindowsNoEditorTargetPlatform
[2017.05.05-23.08.10:464][  0]LogTemp:Display: Loaded TP WindowsServerTargetPlatform
[2017.05.05-23.08.10:497][  0]LogTemp:Display: Loaded TP WindowsTargetPlatform
[2017.05.05-23.08.10:540][  0]LogTemp:Display: Loaded TP AndroidTargetPlatform
[2017.05.05-23.08.10:585][  0]LogTemp:Display: Loaded TP Android_ASTCTargetPlatform
[2017.05.05-23.08.10:628][  0]LogTemp:Display: Loaded TP Android_ATCTargetPlatform
[2017.05.05-23.08.10:670][  0]LogTemp:Display: Loaded TP Android_DXTTargetPlatform
[2017.05.05-23.08.10:712][  0]LogTemp:Display: Loaded TP Android_ETC1TargetPlatform
[2017.05.05-23.08.10:756][  0]LogTemp:Display: Loaded TP Android_ETC2TargetPlatform
[2017.05.05-23.08.10:840][  0]LogTemp:Display: Loaded TP Android_MultiTargetPlatform
[2017.05.05-23.08.10:840][  0]LogTemp:Display: Loaded TP Android_PVRTCTargetPlatform
[2017.05.05-23.08.10:867][  0]LogTemp:Display: Loaded TP HTML5TargetPlatform
[2017.05.05-23.08.10:943][  0]LogTemp:Display: Loaded TP IOSTargetPlatform
[2017.05.05-23.08.10:969][  0]LogTemp:Display: Loaded TP TVOSTargetPlatform
[2017.05.05-23.08.11:011][  0]LogTemp:Display: Loaded TP LinuxClientTargetPlatform
[2017.05.05-23.08.11:052][  0]LogTemp:Display: Loaded TP LinuxNoEditorTargetPlatform
[2017.05.05-23.08.11:094][  0]LogTemp:Display: Loaded TP LinuxServerTargetPlatform
[2017.05.05-23.08.11:135][  0]LogTemp:Display: Loaded TP LinuxTargetPlatform
[2017.05.05-23.08.11:135][  0]LogTargetPlatformManager:Display: Building Assets For Windows
[2017.05.05-23.08.11:424][  0]LogDerivedDataCache:Display: Max Cache Size: 512 MB
[2017.05.05-23.08.11:468][  0]LogDerivedDataCache: Loaded boot cache 0.04s 50MB C:/Users/Victor Wang/AppData/Local/UnrealEngine/4.15/DerivedDataCache/Boot.ddc.
[2017.05.05-23.08.11:468][  0]LogDerivedDataCache:Display: Loaded Boot cache: C:/Users/Victor Wang/AppData/Local/UnrealEngine/4.15/DerivedDataCache/Boot.ddc
[2017.05.05-23.08.11:468][  0]LogDerivedDataCache: FDerivedDataBackendGraph:  Pak pak cache file C:/Users/Victor Wang/Documents/GitHub/wtf/Shiny-invention/Shooter/DerivedDataCache/DDC.ddp not found, will not use a pak cache.
[2017.05.05-23.08.11:468][  0]LogDerivedDataCache: Unable to find inner node Pak for hierarchical cache Hierarchy.
[2017.05.05-23.08.11:468][  0]LogDerivedDataCache: FDerivedDataBackendGraph:  CompressedPak pak cache file C:/Users/Victor Wang/Documents/GitHub/wtf/Shiny-invention/Shooter/DerivedDataCache/Compressed.ddp not found, will not use a pak cache.
[2017.05.05-23.08.11:468][  0]LogDerivedDataCache: Unable to find inner node CompressedPak for hierarchical cache Hierarchy.
[2017.05.05-23.08.11:485][  0]LogDerivedDataCache:Display: Pak cache opened for reading ../../../Engine/DerivedDataCache/Compressed.ddp.
[2017.05.05-23.08.11:497][  0]LogDerivedDataCache: Using Local data cache path C:/Users/Victor Wang/AppData/Local/UnrealEngine/Common/DerivedDataCache: Writable
[2017.05.05-23.08.11:505][  0]LogSlate: Using Freetype 2.6.0
[2017.05.05-23.08.11:506][  0]LogSlate: SlateFontCache - WITH_FREETYPE: 1, WITH_HARFBUZZ: 1
[2017.05.05-23.08.11:506][  0]LogSlate: SlateFontCache - WITH_FREETYPE: 1, WITH_HARFBUZZ: 1
[2017.05.05-23.08.11:733][  0]LogInit: Selected Device Profile: [Windows]
[2017.05.05-23.08.11:736][  0]LogContentStreaming: Texture pool size is 0.00 MB
[2017.05.05-23.08.11:896][  0]LogMeshUtilities: Using QuadricMeshReduction for automatic static mesh reduction
[2017.05.05-23.08.11:928][  0]LogSimplygon: Simplygon DLL not present - disabling.
[2017.05.05-23.08.11:964][  0]LogMeshUtilities: Using SimplygonSwarm for distributed automatic mesh merging
[2017.05.05-23.08.11:964][  0]LogMeshUtilities: No automatic skeletal mesh reduction module available
[2017.05.05-23.08.11:964][  0]LogMeshUtilities: No automatic mesh merging module available
[2017.05.05-23.08.12:393][  0]LogNetVersion: GetLocalNetworkVersion: CL: 3299760, ProjectName: shooter, ProjectVersion: , EngineNetworkVersion: 2, GameNetworkVersion: 0, NetworkChecksum: 1589670086
[2017.05.05-23.08.12:430][  0]LogAssetRegistry: FAssetRegistry took 0.0217 seconds to start up
[2017.05.05-23.08.12:462][  0]LogPackageLocalizationCache: Processed 3 localized package path(s) for 2 prioritized culture(s) in 0.020252 seconds
[2017.05.05-23.08.12:466][  0]LogUObjectArray: 32493 objects as part of root set at end of initial load.
[2017.05.05-23.08.12:466][  0]LogUObjectAllocator: 7077032 out of 0 bytes used by permanent object pool.
[2017.05.05-23.08.12:466][  0]LogUObjectArray: CloseDisregardForGC: 0/0 objects in disregard for GC pool
[2017.05.05-23.08.12:503][  0]LogInit: WinSock: version 1.1 (2.2), MaxSocks=32767, MaxUdp=65467
[2017.05.05-23.08.13:789][  0]LogTcpMessaging: Initializing TcpMessaging bridge
[2017.05.05-23.08.13:820][  0]LogUdpMessaging: Initializing bridge on interface 0.0.0.0:0 to multicast group 230.0.0.1:6666.
[2017.05.05-23.08.14:169][  0]LogMaterial: Uniform references updated for custom material expression Custom.
[2017.05.05-23.08.14:453][  0]SourceControl: Info Source control is disabled
[2017.05.05-23.08.14:454][  0]SourceControl: Info Source control is disabled
[2017.05.05-23.08.14:491][  0]SourceControl: Info Source control is disabled
[2017.05.05-23.08.14:524][  0]SourceControl: Info Source control is disabled
[2017.05.05-23.08.15:427][  0]LogEngine: Initializing Engine...
[2017.05.05-23.08.15:427][  0]LogHMD: Failed to initialize OpenVR with code 110
[2017.05.05-23.08.15:526][  0]LogStats: UGameplayTagsManager::ConstructGameplayTagTree: Construct from data asset -  0.000 s
[2017.05.05-23.08.15:526][  0]LogStats: UGameplayTagsManager::ConstructGameplayTagTree: GameplayTagTreeChangedEvent.Broadcast -  0.000 s
[2017.05.05-23.08.15:610][  0]LogAIModule: Creating AISystem for world Untitled
[2017.05.05-23.08.15:616][  0]LogInit: XAudio2 using 'OUT (2- DUO-CAPTURE EX)' : 2 channels at 44.1 kHz using 16 bits per sample (channel mask 0x3)
[2017.05.05-23.08.15:626][  0]LogInit: FAudioDevice initialized.
[2017.05.05-23.08.15:648][  0]LogDerivedDataCache: Saved boot cache 0.02s 50MB C:/Users/Victor Wang/AppData/Local/UnrealEngine/4.15/DerivedDataCache/Boot.ddc.
[2017.05.05-23.08.15:656][  0]LogInit: Texture streaming: Enabled
[2017.05.05-23.08.15:714][  0]LogEngineSessionManager: EngineSessionManager initialized
[2017.05.05-23.08.15:776][  0]LogInit: Transaction tracking system initialized
[2017.05.05-23.08.16:013][  0]BlueprintLog: New page: Editor Load
[2017.05.05-23.08.16:600][  0]LocalizationService: Info Localization service is disabled
[2017.05.05-23.08.17:219][  0]LogConsoleResponse:Display: 
[2017.05.05-23.08.17:315][  0]LogCook:Display: Max memory allowance for cook 16384mb min free memory 0mb
[2017.05.05-23.08.17:315][  0]LogCook:Display: Mobile HDR setting 1
[2017.05.05-23.08.18:008][  0]LogFileCache: Scanning file cache for directory 'C:/Users/Victor Wang/Documents/GitHub/wtf/Shiny-invention/Shooter/Content/' took 0.01s
[2017.05.05-23.08.18:039][  0]SourceControl: Info Source control is disabled
[2017.05.05-23.08.18:039][  0]Cmd: MAP LOAD FILE="C:/Users/Victor Wang/Documents/GitHub/wtf/Shiny-invention/Shooter/Content/ThirdPersonBP/Maps/ThirdPersonExampleMap.umap" TEMPLATE=0 SHOWPROGRESS=1 FEATURELEVEL=3
[2017.05.05-23.08.18:039][  0]LightingResults: New page: Lighting Build
[2017.05.05-23.08.18:068][  0]MapCheck: New page: Map Check
[2017.05.05-23.08.18:068][  0]LightingResults: New page: Lighting Build
[2017.05.05-23.08.18:511][  0]LogAIModule: Creating AISystem for world ThirdPersonExampleMap
[2017.05.05-23.08.18:535][  0]LogEditorServer: Finished looking for orphan Actors (0.000 secs)
[2017.05.05-23.08.18:535][  0]Cmd: MAP CHECKDEP NOCLEARLOG
[2017.05.05-23.08.18:584][  0]MapCheck: Info Map check complete: 0 Error(s), 0 Warning(s), took 47.825ms to complete.
[2017.05.05-23.08.18:584][  0]LogFileHelpers: Loading map 'ThirdPersonExampleMap' took 0.545
[2017.05.05-23.08.18:639][  0]LogWindowsTextInputMethodSystem:Display: IME system now deactivated.
[2017.05.05-23.08.18:733][  0]LogCollectionManager: Loaded 0 collections in 0.000740 seconds
[2017.05.05-23.08.18:800][  0]LogFileCache: Scanning file cache for directory 'C:/Users/Victor Wang/Documents/GitHub/wtf/Shiny-invention/Shooter/Saved/Collections/' took 0.01s
[2017.05.05-23.08.18:800][  0]LogFileCache: Scanning file cache for directory 'C:/Users/Victor Wang/Documents/GitHub/wtf/Shiny-invention/Shooter/Content/Developers/VictorWang/Collections/' took 0.01s
[2017.05.05-23.08.18:800][  0]LogFileCache: Scanning file cache for directory 'C:/Users/Victor Wang/Documents/GitHub/wtf/Shiny-invention/Shooter/Content/Collections/' took 0.01s
[2017.05.05-23.08.18:800][  0]LogCollectionManager: Rebuilt the GUID cache for 0 collections in 0.000001 seconds
[2017.05.05-23.08.18:809][  0]LogContentBrowser: Native class hierarchy populated in 0.0080 seconds. Added 2245 classes and 453 folders.
[2017.05.05-23.08.18:851][  0]LogContentBrowser: Native class hierarchy updated for 'WidgetCarousel' in 0.0004 seconds. Added 0 classes and 0 folders.
[2017.05.05-23.08.18:896][  0]LogContentBrowser: Native class hierarchy updated for 'AddContentDialog' in 0.0005 seconds. Added 0 classes and 0 folders.
[2017.05.05-23.08.18:928][  0]LogContentBrowser: Native class hierarchy updated for 'SceneOutliner' in 0.0005 seconds. Added 1 classes and 2 folders.
[2017.05.05-23.08.18:966][  0]LogCrashTracker: Crashtracker disabled due to settings.
[2017.05.05-23.08.18:972][  0]LogUObjectGlobals:Warning: Failed to find object 'Class None.'
[2017.05.05-23.08.19:025][  0]LogContentBrowser: Native class hierarchy updated for 'HierarchicalLODOutliner' in 0.0006 seconds. Added 1 classes and 2 folders.
[2017.05.05-23.08.19:026][  0]LogLoad: (Engine Initialization) Total time: 12.15 seconds
[2017.05.05-23.08.19:026][  0]LogLoad: (Engine Initialization) Total Blueprint compile time: 0.14 seconds
[2017.05.05-23.08.19:026][  0]LogExternalProfiler: No external profilers were discovered.  External profiling features will not be available.
[2017.05.05-23.08.19:035][  0]LogOcInput: OculusInput pre-init called
[2017.05.05-23.08.19:056][  0]LogContentStreaming: Texture pool size now 1000 MB
[2017.05.05-23.08.19:057][  0]LogSlate: Took 0.000348 seconds to synchronously load lazily loaded font '../../../Engine/Content/Slate/Fonts/Roboto-Regular.ttf' (155K)
[2017.05.05-23.08.19:060][  0]LogSlate: Took 0.000206 seconds to synchronously load lazily loaded font '../../../Engine/Content/Slate/Fonts/Roboto-Bold.ttf' (160K)
[2017.05.05-23.08.19:065][  0]LogSlate: Took 0.000234 seconds to synchronously load lazily loaded font '../../../Engine/Content/Editor/Slate/Fonts/FontAwesome.ttf' (139K)
[2017.05.05-23.08.19:164][  0]LogSlate: Took 0.000193 seconds to synchronously load lazily loaded font '../../../Engine/Content/Slate/Fonts/Roboto-Light.ttf' (159K)
[2017.05.05-23.08.19:206][  0]LogRenderer: Reallocating scene render targets to support 1208x576 NumSamples 1 (Frame:2).
[2017.05.05-23.08.19:260][  1]LogAssetRegistry: Asset discovery search completed in 6.8524 seconds
[2017.05.05-23.08.19:260][  1]LogCollectionManager: Rebuilt the object cache for 0 collections in 0.000003 seconds (found 0 objects)
[2017.05.05-23.08.19:260][  1]LogCollectionManager: Fixed up redirectors for 0 collections in 0.000015 seconds (updated 0 objects)
[2017.05.05-23.08.21:254][234]LogEditorViewport: Clicking on Actor (LMB): StaticMeshActor (LeftArm_StaticMesh)
[2017.05.05-23.08.26:005][775]LogTemp: Repeting last play command: Selected Viewport
[2017.05.05-23.08.26:018][775]LogBlueprintUserMessages: Early PlayInEditor Detection: Level '/Game/ThirdPersonBP/Maps/ThirdPersonExampleMap.ThirdPersonExampleMap:PersistentLevel' has LevelScriptBlueprint '/Game/ThirdPersonBP/Maps/ThirdPersonExampleMap.ThirdPersonExampleMap:PersistentLevel.ThirdPersonExampleMap' with GeneratedClass '/Game/ThirdPersonBP/Maps/ThirdPersonExampleMap.ThirdPersonExampleMap_C' with ClassGeneratedBy '/Game/ThirdPersonBP/Maps/ThirdPersonExampleMap.ThirdPersonExampleMap:PersistentLevel.ThirdPersonExampleMap'
[2017.05.05-23.08.26:018][775]LogPlayLevel: PlayLevel: No blueprints needed recompiling
[2017.05.05-23.08.26:018][775]PIE: New page: PIE session: ThirdPersonExampleMap (May 5, 2017, 3:08:26 PM)
[2017.05.05-23.08.26:018][775]LogPlayLevel: Creating play world package: /Game/ThirdPersonBP/Maps/UEDPIE_0_ThirdPersonExampleMap
[2017.05.05-23.08.26:044][775]LogPlayLevel: PIE: StaticDuplicateObject took: (0.025866s)
[2017.05.05-23.08.26:045][775]LogAIModule: Creating AISystem for world ThirdPersonExampleMap
[2017.05.05-23.08.26:045][775]LogPlayLevel: PIE: World Init took: (0.000851s)
[2017.05.05-23.08.26:045][775]LogPlayLevel: PIE: Created PIE world by copying editor world from /Game/ThirdPersonBP/Maps/ThirdPersonExampleMap.ThirdPersonExampleMap to /Game/ThirdPersonBP/Maps/UEDPIE_0_ThirdPersonExampleMap.ThirdPersonExampleMap (0.027035s)
[2017.05.05-23.08.26:063][775]LogInit: XAudio2 using 'OUT (2- DUO-CAPTURE EX)' : 2 channels at 44.1 kHz using 16 bits per sample (channel mask 0x3)
[2017.05.05-23.08.26:066][775]LogInit: FAudioDevice initialized.
[2017.05.05-23.08.26:111][775]LogLoad: Game class is 'ThirdPersonGameMode_C'
[2017.05.05-23.08.26:113][775]LogWorld: Bringing World /Game/ThirdPersonBP/Maps/UEDPIE_0_ThirdPersonExampleMap.ThirdPersonExampleMap up for play (max tick rate 0) at 2017.05.05-19.08.26
[2017.05.05-23.08.26:114][775]LogWorld: Bringing up level for play took: 0.001684
[2017.05.05-23.08.26:144][775]LogContentBrowser: Native class hierarchy updated for 'MovieSceneCapture' in 0.0005 seconds. Added 11 classes and 0 folders.
[2017.05.05-23.08.26:145][775]PIE: Info Play in editor start time for /Game/ThirdPersonBP/Maps/UEDPIE_0_ThirdPersonExampleMap 0.062
[2017.05.05-23.08.26:145][775]LogBlueprintUserMessages: Late PlayInEditor Detection: Level '/Game/ThirdPersonBP/Maps/ThirdPersonExampleMap.ThirdPersonExampleMap:PersistentLevel' has LevelScriptBlueprint '/Game/ThirdPersonBP/Maps/ThirdPersonExampleMap.ThirdPersonExampleMap:PersistentLevel.ThirdPersonExampleMap' with GeneratedClass '/Game/ThirdPersonBP/Maps/ThirdPersonExampleMap.ThirdPersonExampleMap_C' with ClassGeneratedBy '/Game/ThirdPersonBP/Maps/ThirdPersonExampleMap.ThirdPersonExampleMap:PersistentLevel.ThirdPersonExampleMap'
[2017.05.05-23.08.42:168][693]LogBlueprintUserMessages: Early EndPlayMap Detection: Level '/Game/ThirdPersonBP/Maps/ThirdPersonExampleMap.ThirdPersonExampleMap:PersistentLevel' has LevelScriptBlueprint '/Game/ThirdPersonBP/Maps/ThirdPersonExampleMap.ThirdPersonExampleMap:PersistentLevel.ThirdPersonExampleMap' with GeneratedClass '/Game/ThirdPersonBP/Maps/ThirdPersonExampleMap.ThirdPersonExampleMap_C' with ClassGeneratedBy '/Game/ThirdPersonBP/Maps/ThirdPersonExampleMap.ThirdPersonExampleMap:PersistentLevel.ThirdPersonExampleMap'
[2017.05.05-23.08.42:231][693]LogBlueprintUserMessages: Late EndPlayMap Detection: Level '/Game/ThirdPersonBP/Maps/ThirdPersonExampleMap.ThirdPersonExampleMap:PersistentLevel' has LevelScriptBlueprint '/Game/ThirdPersonBP/Maps/ThirdPersonExampleMap.ThirdPersonExampleMap:PersistentLevel.ThirdPersonExampleMap' with GeneratedClass '/Game/ThirdPersonBP/Maps/ThirdPersonExampleMap.ThirdPersonExampleMap_C' with ClassGeneratedBy '/Game/ThirdPersonBP/Maps/ThirdPersonExampleMap.ThirdPersonExampleMap:PersistentLevel.ThirdPersonExampleMap'
[2017.05.05-23.08.49:996][590]Cmd: SELECT NONE
[2017.05.05-23.08.50:721][677]LogEditorViewport: Clicking on Actor (LMB): StaticMeshActor (Cube)
[2017.05.05-23.08.51:241][733]LogEditorViewport: Clicking on Actor (LMB): PlayerStart (PlayerStart)
[2017.05.05-23.08.52:134][836]Cmd: DELETE
[2017.05.05-23.08.52:134][836]Cmd: ACTOR DELETE
[2017.05.05-23.08.52:147][836]LogEditorActor: Deleted Actor: PlayerStart
[2017.05.05-23.08.52:154][836]LogEditorActor: Deleted 1 Actors (0.007 secs)
[2017.05.05-23.08.55:954][288]LogEditorViewport: Clicking on Actor (LMB): PlayerStart (NetworkPlayerStart)
[2017.05.05-23.09.00:922][858]LogNavigationPoint: PostEditMove Clear paths rebuilt
[2017.05.05-23.09.01:147][883]LogNavigationPoint: PostEditMove Clear paths rebuilt
[2017.05.05-23.09.01:488][923]LogEditorViewport: Clicking on Actor (context menu): PlayerStart (NetworkPlayerStart)
[2017.05.05-23.09.02:616][ 52]LogEditorViewport: Clicking on Actor (LMB): PlayerStart (NetworkPlayerStart)
[2017.05.05-23.09.07:145][587]LogWindowsTextInputMethodSystem:Display: IME system now deactivated.
[2017.05.05-23.09.07:157][587]LogWindowsTextInputMethodSystem:Display: IME system now activated using TSF (Microsoft Pinyin).
[2017.05.05-23.09.07:425][619]LogNavigationPoint: PostEditMove Clear paths rebuilt
[2017.05.05-23.09.09:791][901]LogNavigationPoint: PostEditMove Clear paths rebuilt
[2017.05.05-23.09.11:462][101]LogNavigationPoint: PostEditMove Clear paths rebuilt
[2017.05.05-23.09.12:870][269]LogNavigationPoint: PostEditMove Clear paths rebuilt
[2017.05.05-23.09.14:308][441]LogNavigationPoint: PostEditMove Clear paths rebuilt
[2017.05.05-23.09.15:932][635]LogNavigationPoint: PostEditMove Clear paths rebuilt
[2017.05.05-23.09.17:522][825]LogNavigationPoint: PostEditMove Clear paths rebuilt
[2017.05.05-23.09.19:324][ 40]LogNavigationPoint: PostEditMove Clear paths rebuilt
[2017.05.05-23.09.23:378][498]LogNavigationPoint: PostEditMove Clear paths rebuilt
[2017.05.05-23.09.26:292][818]LogNavigationPoint: PostEditMove Clear paths rebuilt
[2017.05.05-23.09.27:705][987]LogNavigationPoint: PostEditMove Clear paths rebuilt
[2017.05.05-23.09.28:537][ 86]LogNavigationPoint: PostEditMove Clear paths rebuilt
[2017.05.05-23.09.31:294][389]LogNavigationPoint: PostEditMove Clear paths rebuilt
[2017.05.05-23.09.36:512][  1]LogTemp: Repeting last play command: Selected Viewport
[2017.05.05-23.09.36:524][  1]LogBlueprintUserMessages: Early PlayInEditor Detection: Level '/Game/ThirdPersonBP/Maps/ThirdPersonExampleMap.ThirdPersonExampleMap:PersistentLevel' has LevelScriptBlueprint '/Game/ThirdPersonBP/Maps/ThirdPersonExampleMap.ThirdPersonExampleMap:PersistentLevel.ThirdPersonExampleMap' with GeneratedClass '/Game/ThirdPersonBP/Maps/ThirdPersonExampleMap.ThirdPersonExampleMap_C' with ClassGeneratedBy '/Game/ThirdPersonBP/Maps/ThirdPersonExampleMap.ThirdPersonExampleMap:PersistentLevel.ThirdPersonExampleMap'
[2017.05.05-23.09.36:524][  1]LogPlayLevel: PlayLevel: No blueprints needed recompiling
[2017.05.05-23.09.36:524][  1]PIE: New page: PIE session: ThirdPersonExampleMap (May 5, 2017, 3:09:36 PM)
[2017.05.05-23.09.36:524][  1]LogPlayLevel: Creating play world package: /Game/ThirdPersonBP/Maps/UEDPIE_0_ThirdPersonExampleMap
[2017.05.05-23.09.36:542][  1]LogPlayLevel: PIE: StaticDuplicateObject took: (0.018373s)
[2017.05.05-23.09.36:543][  1]LogAIModule: Creating AISystem for world ThirdPersonExampleMap
[2017.05.05-23.09.36:543][  1]LogPlayLevel: PIE: World Init took: (0.000873s)
[2017.05.05-23.09.36:543][  1]LogPlayLevel: PIE: Created PIE world by copying editor world from /Game/ThirdPersonBP/Maps/ThirdPersonExampleMap.ThirdPersonExampleMap to /Game/ThirdPersonBP/Maps/UEDPIE_0_ThirdPersonExampleMap.ThirdPersonExampleMap (0.019469s)
[2017.05.05-23.09.36:556][  1]LogInit: XAudio2 using 'OUT (2- DUO-CAPTURE EX)' : 2 channels at 44.1 kHz using 16 bits per sample (channel mask 0x3)
[2017.05.05-23.09.36:559][  1]LogInit: FAudioDevice initialized.
[2017.05.05-23.09.36:587][  1]LogLoad: Game class is 'ThirdPersonGameMode_C'
[2017.05.05-23.09.36:589][  1]LogWorld: Bringing World /Game/ThirdPersonBP/Maps/UEDPIE_0_ThirdPersonExampleMap.ThirdPersonExampleMap up for play (max tick rate 0) at 2017.05.05-19.09.36
[2017.05.05-23.09.36:589][  1]LogWorld: Bringing up level for play took: 0.001578
[2017.05.05-23.09.36:590][  1]PIE: Info Play in editor start time for /Game/ThirdPersonBP/Maps/UEDPIE_0_ThirdPersonExampleMap 0.507
[2017.05.05-23.09.36:590][  1]LogBlueprintUserMessages: Late PlayInEditor Detection: Level '/Game/ThirdPersonBP/Maps/ThirdPersonExampleMap.ThirdPersonExampleMap:PersistentLevel' has LevelScriptBlueprint '/Game/ThirdPersonBP/Maps/ThirdPersonExampleMap.ThirdPersonExampleMap:PersistentLevel.ThirdPersonExampleMap' with GeneratedClass '/Game/ThirdPersonBP/Maps/ThirdPersonExampleMap.ThirdPersonExampleMap_C' with ClassGeneratedBy '/Game/ThirdPersonBP/Maps/ThirdPersonExampleMap.ThirdPersonExampleMap:PersistentLevel.ThirdPersonExampleMap'
[2017.05.05-23.09.38:900][275]PIE:Warning: Warning ThrowBomb_C_0.Ball MaterialSphere has to have 'Simulate Physics' enabled if you'd like to AddImpulseAtLocation. 
[2017.05.05-23.09.43:794][862]PIE:Warning: Warning ThrowBomb_C_1.Ball MaterialSphere has to have 'Simulate Physics' enabled if you'd like to AddImpulseAtLocation. 
[2017.05.05-23.09.44:194][910]PIE:Warning: Warning ThrowBomb_C_2.Ball MaterialSphere has to have 'Simulate Physics' enabled if you'd like to AddImpulseAtLocation. 
[2017.05.05-23.09.44:703][971]PIE:Warning: Warning ThrowBomb_C_3.Ball MaterialSphere has to have 'Simulate Physics' enabled if you'd like to AddImpulseAtLocation. 
[2017.05.05-23.09.45:511][ 68]PIE:Warning: Warning ThrowBomb_C_4.Ball MaterialSphere has to have 'Simulate Physics' enabled if you'd like to AddImpulseAtLocation. 
[2017.05.05-23.09.46:494][186]PIE:Warning: Warning ThrowBomb_C_5.Ball MaterialSphere has to have 'Simulate Physics' enabled if you'd like to AddImpulseAtLocation. 
[2017.05.05-23.09.46:827][226]PIE:Warning: Warning ThrowBomb_C_6.Ball MaterialSphere has to have 'Simulate Physics' enabled if you'd like to AddImpulseAtLocation. 
[2017.05.05-23.09.47:311][284]LogBlueprintUserMessages: Early EndPlayMap Detection: Level '/Game/ThirdPersonBP/Maps/ThirdPersonExampleMap.ThirdPersonExampleMap:PersistentLevel' has LevelScriptBlueprint '/Game/ThirdPersonBP/Maps/ThirdPersonExampleMap.ThirdPersonExampleMap:PersistentLevel.ThirdPersonExampleMap' with GeneratedClass '/Game/ThirdPersonBP/Maps/ThirdPersonExampleMap.ThirdPersonExampleMap_C' with ClassGeneratedBy '/Game/ThirdPersonBP/Maps/ThirdPersonExampleMap.ThirdPersonExampleMap:PersistentLevel.ThirdPersonExampleMap'
[2017.05.05-23.09.47:350][284]LogBlueprintUserMessages: Late EndPlayMap Detection: Level '/Game/ThirdPersonBP/Maps/ThirdPersonExampleMap.ThirdPersonExampleMap:PersistentLevel' has LevelScriptBlueprint '/Game/ThirdPersonBP/Maps/ThirdPersonExampleMap.ThirdPersonExampleMap:PersistentLevel.ThirdPersonExampleMap' with GeneratedClass '/Game/ThirdPersonBP/Maps/ThirdPersonExampleMap.ThirdPersonExampleMap_C' with ClassGeneratedBy '/Game/ThirdPersonBP/Maps/ThirdPersonExampleMap.ThirdPersonExampleMap:PersistentLevel.ThirdPersonExampleMap'
[2017.05.05-23.09.54:694][120]LogEditorViewport: Clicking on Actor (LMB): ThirdPersonCharacter_C (ThirdPersonCharacter)
[2017.05.05-23.10.32:540][442]LogTemp: Repeting last play command: Selected Viewport
[2017.05.05-23.10.32:554][442]LogBlueprintUserMessages: Early PlayInEditor Detection: Level '/Game/ThirdPersonBP/Maps/ThirdPersonExampleMap.ThirdPersonExampleMap:PersistentLevel' has LevelScriptBlueprint '/Game/ThirdPersonBP/Maps/ThirdPersonExampleMap.ThirdPersonExampleMap:PersistentLevel.ThirdPersonExampleMap' with GeneratedClass '/Game/ThirdPersonBP/Maps/ThirdPersonExampleMap.ThirdPersonExampleMap_C' with ClassGeneratedBy '/Game/ThirdPersonBP/Maps/ThirdPersonExampleMap.ThirdPersonExampleMap:PersistentLevel.ThirdPersonExampleMap'
[2017.05.05-23.10.32:554][442]LogPlayLevel: PlayLevel: No blueprints needed recompiling
[2017.05.05-23.10.32:554][442]PIE: New page: PIE session: ThirdPersonExampleMap (May 5, 2017, 3:10:32 PM)
[2017.05.05-23.10.32:554][442]LogPlayLevel: Creating play world package: /Game/ThirdPersonBP/Maps/UEDPIE_0_ThirdPersonExampleMap
[2017.05.05-23.10.32:574][442]LogPlayLevel: PIE: StaticDuplicateObject took: (0.019335s)
[2017.05.05-23.10.32:574][442]LogAIModule: Creating AISystem for world ThirdPersonExampleMap
[2017.05.05-23.10.32:575][442]LogPlayLevel: PIE: World Init took: (0.000930s)
[2017.05.05-23.10.32:575][442]LogPlayLevel: PIE: Created PIE world by copying editor world from /Game/ThirdPersonBP/Maps/ThirdPersonExampleMap.ThirdPersonExampleMap to /Game/ThirdPersonBP/Maps/UEDPIE_0_ThirdPersonExampleMap.ThirdPersonExampleMap (0.020599s)
[2017.05.05-23.10.32:615][442]LogInit: XAudio2 using 'OUT (2- DUO-CAPTURE EX)' : 2 channels at 44.1 kHz using 16 bits per sample (channel mask 0x3)
[2017.05.05-23.10.32:617][442]LogInit: FAudioDevice initialized.
[2017.05.05-23.10.32:646][442]LogLoad: Game class is 'ThirdPersonGameMode_C'
[2017.05.05-23.10.32:650][442]LogWorld: Bringing World /Game/ThirdPersonBP/Maps/UEDPIE_0_ThirdPersonExampleMap.ThirdPersonExampleMap up for play (max tick rate 0) at 2017.05.05-19.10.32
[2017.05.05-23.10.32:650][442]LogWorld: Bringing up level for play took: 0.001738
[2017.05.05-23.10.32:651][442]PIE: Info Play in editor start time for /Game/ThirdPersonBP/Maps/UEDPIE_0_ThirdPersonExampleMap 0.568
[2017.05.05-23.10.32:651][442]LogBlueprintUserMessages: Late PlayInEditor Detection: Level '/Game/ThirdPersonBP/Maps/ThirdPersonExampleMap.ThirdPersonExampleMap:PersistentLevel' has LevelScriptBlueprint '/Game/ThirdPersonBP/Maps/ThirdPersonExampleMap.ThirdPersonExampleMap:PersistentLevel.ThirdPersonExampleMap' with GeneratedClass '/Game/ThirdPersonBP/Maps/ThirdPersonExampleMap.ThirdPersonExampleMap_C' with ClassGeneratedBy '/Game/ThirdPersonBP/Maps/ThirdPersonExampleMap.ThirdPersonExampleMap:PersistentLevel.ThirdPersonExampleMap'
[2017.05.05-23.10.35:238][749]PIE:Warning: Warning ThrowBomb_C_0.Ball MaterialSphere has to have 'Simulate Physics' enabled if you'd like to AddImpulseAtLocation. 
[2017.05.05-23.10.37:431][ 12]LogBlueprintUserMessages: Early EndPlayMap Detection: Level '/Game/ThirdPersonBP/Maps/ThirdPersonExampleMap.ThirdPersonExampleMap:PersistentLevel' has LevelScriptBlueprint '/Game/ThirdPersonBP/Maps/ThirdPersonExampleMap.ThirdPersonExampleMap:PersistentLevel.ThirdPersonExampleMap' with GeneratedClass '/Game/ThirdPersonBP/Maps/ThirdPersonExampleMap.ThirdPersonExampleMap_C' with ClassGeneratedBy '/Game/ThirdPersonBP/Maps/ThirdPersonExampleMap.ThirdPersonExampleMap:PersistentLevel.ThirdPersonExampleMap'
[2017.05.05-23.10.37:517][ 12]LogBlueprintUserMessages: Late EndPlayMap Detection: Level '/Game/ThirdPersonBP/Maps/ThirdPersonExampleMap.ThirdPersonExampleMap:PersistentLevel' has LevelScriptBlueprint '/Game/ThirdPersonBP/Maps/ThirdPersonExampleMap.ThirdPersonExampleMap:PersistentLevel.ThirdPersonExampleMap' with GeneratedClass '/Game/ThirdPersonBP/Maps/ThirdPersonExampleMap.ThirdPersonExampleMap_C' with ClassGeneratedBy '/Game/ThirdPersonBP/Maps/ThirdPersonExampleMap.ThirdPersonExampleMap:PersistentLevel.ThirdPersonExampleMap'
[2017.05.05-23.10.38:831][139]LogEditorViewport: Clicking on Actor (LMB): ThirdPersonCharacter_C (ThirdPersonCharacter)
[2017.05.05-23.10.42:756][600]LogTemp: Repeting last play command: Selected Viewport
[2017.05.05-23.10.42:768][600]LogBlueprintUserMessages: Early PlayInEditor Detection: Level '/Game/ThirdPersonBP/Maps/ThirdPersonExampleMap.ThirdPersonExampleMap:PersistentLevel' has LevelScriptBlueprint '/Game/ThirdPersonBP/Maps/ThirdPersonExampleMap.ThirdPersonExampleMap:PersistentLevel.ThirdPersonExampleMap' with GeneratedClass '/Game/ThirdPersonBP/Maps/ThirdPersonExampleMap.ThirdPersonExampleMap_C' with ClassGeneratedBy '/Game/ThirdPersonBP/Maps/ThirdPersonExampleMap.ThirdPersonExampleMap:PersistentLevel.ThirdPersonExampleMap'
[2017.05.05-23.10.42:768][600]LogPlayLevel: PlayLevel: No blueprints needed recompiling
[2017.05.05-23.10.42:768][600]PIE: New page: PIE session: ThirdPersonExampleMap (May 5, 2017, 3:10:42 PM)
[2017.05.05-23.10.42:768][600]LogPlayLevel: Creating play world package: /Game/ThirdPersonBP/Maps/UEDPIE_0_ThirdPersonExampleMap
[2017.05.05-23.10.42:786][600]LogPlayLevel: PIE: StaticDuplicateObject took: (0.017814s)
[2017.05.05-23.10.42:786][600]LogAIModule: Creating AISystem for world ThirdPersonExampleMap
[2017.05.05-23.10.42:787][600]LogPlayLevel: PIE: World Init took: (0.000800s)
[2017.05.05-23.10.42:787][600]LogPlayLevel: PIE: Created PIE world by copying editor world from /Game/ThirdPersonBP/Maps/ThirdPersonExampleMap.ThirdPersonExampleMap to /Game/ThirdPersonBP/Maps/UEDPIE_0_ThirdPersonExampleMap.ThirdPersonExampleMap (0.018848s)
[2017.05.05-23.10.42:826][600]LogInit: XAudio2 using 'OUT (2- DUO-CAPTURE EX)' : 2 channels at 44.1 kHz using 16 bits per sample (channel mask 0x3)
[2017.05.05-23.10.42:830][600]LogInit: FAudioDevice initialized.
[2017.05.05-23.10.42:860][600]LogLoad: Game class is 'ThirdPersonGameMode_C'
[2017.05.05-23.10.42:864][600]LogWorld: Bringing World /Game/ThirdPersonBP/Maps/UEDPIE_0_ThirdPersonExampleMap.ThirdPersonExampleMap up for play (max tick rate 0) at 2017.05.05-19.10.42
[2017.05.05-23.10.42:864][600]LogWorld: Bringing up level for play took: 0.002018
[2017.05.05-23.10.42:864][600]PIE: Info Play in editor start time for /Game/ThirdPersonBP/Maps/UEDPIE_0_ThirdPersonExampleMap 0.782
[2017.05.05-23.10.42:865][600]LogBlueprintUserMessages: Late PlayInEditor Detection: Level '/Game/ThirdPersonBP/Maps/ThirdPersonExampleMap.ThirdPersonExampleMap:PersistentLevel' has LevelScriptBlueprint '/Game/ThirdPersonBP/Maps/ThirdPersonExampleMap.ThirdPersonExampleMap:PersistentLevel.ThirdPersonExampleMap' with GeneratedClass '/Game/ThirdPersonBP/Maps/ThirdPersonExampleMap.ThirdPersonExampleMap_C' with ClassGeneratedBy '/Game/ThirdPersonBP/Maps/ThirdPersonExampleMap.ThirdPersonExampleMap:PersistentLevel.ThirdPersonExampleMap'
[2017.05.05-23.10.44:917][843]PIE:Warning: Warning ThrowBomb_C_0.Ball MaterialSphere has to have 'Simulate Physics' enabled if you'd like to AddImpulseAtLocation. 
[2017.05.05-23.10.54:260][964]PIE:Warning: Warning ThrowBomb_C_1.Ball MaterialSphere has to have 'Simulate Physics' enabled if you'd like to AddImpulseAtLocation. 
[2017.05.05-23.11.19:835][ 32]PIE:Warning: Warning ThrowBomb_C_2.Ball MaterialSphere has to have 'Simulate Physics' enabled if you'd like to AddImpulseAtLocation. 
[2017.05.05-23.11.20:834][152]PIE:Warning: Warning ThrowBomb_C_3.Ball MaterialSphere has to have 'Simulate Physics' enabled if you'd like to AddImpulseAtLocation. 
[2017.05.05-23.11.21:501][232]PIE:Warning: Warning ThrowBomb_C_4.Ball MaterialSphere has to have 'Simulate Physics' enabled if you'd like to AddImpulseAtLocation. 
[2017.05.05-23.11.22:301][328]PIE:Warning: Warning ThrowBomb_C_5.Ball MaterialSphere has to have 'Simulate Physics' enabled if you'd like to AddImpulseAtLocation. 
[2017.05.05-23.11.23:101][424]PIE:Warning: Warning ThrowBomb_C_6.Ball MaterialSphere has to have 'Simulate Physics' enabled if you'd like to AddImpulseAtLocation. 
[2017.05.05-23.11.23:901][520]PIE:Warning: Warning ThrowBomb_C_7.Ball MaterialSphere has to have 'Simulate Physics' enabled if you'd like to AddImpulseAtLocation. 
[2017.05.05-23.11.24:752][622]PIE:Warning: Warning ThrowBomb_C_8.Ball MaterialSphere has to have 'Simulate Physics' enabled if you'd like to AddImpulseAtLocation. 
[2017.05.05-23.11.25:560][719]PIE:Warning: Warning ThrowBomb_C_9.Ball MaterialSphere has to have 'Simulate Physics' enabled if you'd like to AddImpulseAtLocation. 
[2017.05.05-23.11.26:410][821]PIE:Warning: Warning ThrowBomb_C_10.Ball MaterialSphere has to have 'Simulate Physics' enabled if you'd like to AddImpulseAtLocation. 
[2017.05.05-23.11.27:162][910]PIE:Warning: Warning ThrowBomb_C_11.Ball MaterialSphere has to have 'Simulate Physics' enabled if you'd like to AddImpulseAtLocation. 
[2017.05.05-23.11.33:690][693]LogBlueprintUserMessages: Early EndPlayMap Detection: Level '/Game/ThirdPersonBP/Maps/ThirdPersonExampleMap.ThirdPersonExampleMap:PersistentLevel' has LevelScriptBlueprint '/Game/ThirdPersonBP/Maps/ThirdPersonExampleMap.ThirdPersonExampleMap:PersistentLevel.ThirdPersonExampleMap' with GeneratedClass '/Game/ThirdPersonBP/Maps/ThirdPersonExampleMap.ThirdPersonExampleMap_C' with ClassGeneratedBy '/Game/ThirdPersonBP/Maps/ThirdPersonExampleMap.ThirdPersonExampleMap:PersistentLevel.ThirdPersonExampleMap'
[2017.05.05-23.11.33:779][693]LogBlueprintUserMessages: Late EndPlayMap Detection: Level '/Game/ThirdPersonBP/Maps/ThirdPersonExampleMap.ThirdPersonExampleMap:PersistentLevel' has LevelScriptBlueprint '/Game/ThirdPersonBP/Maps/ThirdPersonExampleMap.ThirdPersonExampleMap:PersistentLevel.ThirdPersonExampleMap' with GeneratedClass '/Game/ThirdPersonBP/Maps/ThirdPersonExampleMap.ThirdPersonExampleMap_C' with ClassGeneratedBy '/Game/ThirdPersonBP/Maps/ThirdPersonExampleMap.ThirdPersonExampleMap:PersistentLevel.ThirdPersonExampleMap'
[2017.05.05-23.11.40:783][500]LogEditorViewport: Clicking on Actor (LMB): StaticMeshActor (Cube)
[2017.05.05-23.11.41:822][615]LogEditorViewport: Clicking on Actor (LMB): StaticMeshActor (Wall7)
[2017.05.05-23.12.02:205][ 47]LogEditorViewport: Clicking on Actor (LMB): DirectionalLight (Light Source)
[2017.05.05-23.12.04:158][273]LogEditorViewport: Clicking on Actor (LMB): StaticMeshActor (Bump_StaticMesh)
[2017.05.05-23.12.10:515][ 27]LogEditorViewport: Clicking on Actor (LMB): SphereReflectionCapture (SphereReflectionCapture)
[2017.05.05-23.12.20:702][188]LogEditorViewport: Clicking on Actor (LMB): DirectionalLight (Light Source)
[2017.05.05-23.12.37:045][ 94]LogTemp: Repeting last play command: Selected Viewport
[2017.05.05-23.12.37:057][ 94]LogBlueprintUserMessages: Early PlayInEditor Detection: Level '/Game/ThirdPersonBP/Maps/ThirdPersonExampleMap.ThirdPersonExampleMap:PersistentLevel' has LevelScriptBlueprint '/Game/ThirdPersonBP/Maps/ThirdPersonExampleMap.ThirdPersonExampleMap:PersistentLevel.ThirdPersonExampleMap' with GeneratedClass '/Game/ThirdPersonBP/Maps/ThirdPersonExampleMap.ThirdPersonExampleMap_C' with ClassGeneratedBy '/Game/ThirdPersonBP/Maps/ThirdPersonExampleMap.ThirdPersonExampleMap:PersistentLevel.ThirdPersonExampleMap'
[2017.05.05-23.12.37:057][ 94]LogPlayLevel: PlayLevel: No blueprints needed recompiling
[2017.05.05-23.12.37:057][ 94]PIE: New page: PIE session: ThirdPersonExampleMap (May 5, 2017, 3:12:37 PM)
[2017.05.05-23.12.37:057][ 94]LogPlayLevel: Creating play world package: /Game/ThirdPersonBP/Maps/UEDPIE_0_ThirdPersonExampleMap
[2017.05.05-23.12.37:079][ 94]LogPlayLevel: PIE: StaticDuplicateObject took: (0.020683s)
[2017.05.05-23.12.37:079][ 94]LogAIModule: Creating AISystem for world ThirdPersonExampleMap
[2017.05.05-23.12.37:080][ 94]LogPlayLevel: PIE: World Init took: (0.000922s)
[2017.05.05-23.12.37:080][ 94]LogPlayLevel: PIE: Created PIE world by copying editor world from /Game/ThirdPersonBP/Maps/ThirdPersonExampleMap.ThirdPersonExampleMap to /Game/ThirdPersonBP/Maps/UEDPIE_0_ThirdPersonExampleMap.ThirdPersonExampleMap (0.021851s)
[2017.05.05-23.12.37:092][ 94]LogInit: XAudio2 using 'OUT (2- DUO-CAPTURE EX)' : 2 channels at 44.1 kHz using 16 bits per sample (channel mask 0x3)
[2017.05.05-23.12.37:095][ 94]LogInit: FAudioDevice initialized.
[2017.05.05-23.12.37:126][ 94]LogLoad: Game class is 'ThirdPersonGameMode_C'
[2017.05.05-23.12.37:129][ 94]LogWorld: Bringing World /Game/ThirdPersonBP/Maps/UEDPIE_0_ThirdPersonExampleMap.ThirdPersonExampleMap up for play (max tick rate 0) at 2017.05.05-19.12.37
[2017.05.05-23.12.37:129][ 94]LogWorld: Bringing up level for play took: 0.001999
[2017.05.05-23.12.37:130][ 94]PIE: Info Play in editor start time for /Game/ThirdPersonBP/Maps/UEDPIE_0_ThirdPersonExampleMap 1.047
[2017.05.05-23.12.37:130][ 94]LogBlueprintUserMessages: Late PlayInEditor Detection: Level '/Game/ThirdPersonBP/Maps/ThirdPersonExampleMap.ThirdPersonExampleMap:PersistentLevel' has LevelScriptBlueprint '/Game/ThirdPersonBP/Maps/ThirdPersonExampleMap.ThirdPersonExampleMap:PersistentLevel.ThirdPersonExampleMap' with GeneratedClass '/Game/ThirdPersonBP/Maps/ThirdPersonExampleMap.ThirdPersonExampleMap_C' with ClassGeneratedBy '/Game/ThirdPersonBP/Maps/ThirdPersonExampleMap.ThirdPersonExampleMap:PersistentLevel.ThirdPersonExampleMap'
[2017.05.05-23.12.50:058][636]LogBlueprintUserMessages: Early EndPlayMap Detection: Level '/Game/ThirdPersonBP/Maps/ThirdPersonExampleMap.ThirdPersonExampleMap:PersistentLevel' has LevelScriptBlueprint '/Game/ThirdPersonBP/Maps/ThirdPersonExampleMap.ThirdPersonExampleMap:PersistentLevel.ThirdPersonExampleMap' with GeneratedClass '/Game/ThirdPersonBP/Maps/ThirdPersonExampleMap.ThirdPersonExampleMap_C' with ClassGeneratedBy '/Game/ThirdPersonBP/Maps/ThirdPersonExampleMap.ThirdPersonExampleMap:PersistentLevel.ThirdPersonExampleMap'
[2017.05.05-23.12.50:102][636]LogBlueprintUserMessages: Late EndPlayMap Detection: Level '/Game/ThirdPersonBP/Maps/ThirdPersonExampleMap.ThirdPersonExampleMap:PersistentLevel' has LevelScriptBlueprint '/Game/ThirdPersonBP/Maps/ThirdPersonExampleMap.ThirdPersonExampleMap:PersistentLevel.ThirdPersonExampleMap' with GeneratedClass '/Game/ThirdPersonBP/Maps/ThirdPersonExampleMap.ThirdPersonExampleMap_C' with ClassGeneratedBy '/Game/ThirdPersonBP/Maps/ThirdPersonExampleMap.ThirdPersonExampleMap:PersistentLevel.ThirdPersonExampleMap'
[2017.05.05-23.12.52:100][871]LogEditorViewport: Clicking on Actor (LMB): AtmosphericFog (AtmosphericFog2)
[2017.05.05-23.12.54:889][205]Cmd: DELETE
[2017.05.05-23.12.54:889][205]Cmd: ACTOR DELETE
[2017.05.05-23.12.54:889][205]LogEditorActor: Deleted Actor: AtmosphericFog
[2017.05.05-23.12.54:896][205]LogEditorActor: Deleted 1 Actors (0.008 secs)
[2017.05.05-23.13.02:806][147]LogEditor: Attempting to add actor of class 'CameraRig_Crane' to level at -39.00,1450.00,890.00
[2017.05.05-23.13.04:481][346]LogEditor: Attempting to add actor of class 'CameraRig_Crane' to level at 47.00,945.00,557.00
[2017.05.05-23.13.07:286][672]LogTemp: Repeting last play command: Selected Viewport
[2017.05.05-23.13.07:298][672]LogBlueprintUserMessages: Early PlayInEditor Detection: Level '/Game/ThirdPersonBP/Maps/ThirdPersonExampleMap.ThirdPersonExampleMap:PersistentLevel' has LevelScriptBlueprint '/Game/ThirdPersonBP/Maps/ThirdPersonExampleMap.ThirdPersonExampleMap:PersistentLevel.ThirdPersonExampleMap' with GeneratedClass '/Game/ThirdPersonBP/Maps/ThirdPersonExampleMap.ThirdPersonExampleMap_C' with ClassGeneratedBy '/Game/ThirdPersonBP/Maps/ThirdPersonExampleMap.ThirdPersonExampleMap:PersistentLevel.ThirdPersonExampleMap'
[2017.05.05-23.13.07:298][672]LogPlayLevel: PlayLevel: No blueprints needed recompiling
[2017.05.05-23.13.07:299][672]PIE: New page: PIE session: ThirdPersonExampleMap (May 5, 2017, 3:13:07 PM)
[2017.05.05-23.13.07:299][672]LogPlayLevel: Creating play world package: /Game/ThirdPersonBP/Maps/UEDPIE_0_ThirdPersonExampleMap
[2017.05.05-23.13.07:316][672]LogPlayLevel: PIE: StaticDuplicateObject took: (0.016998s)
[2017.05.05-23.13.07:316][672]LogAIModule: Creating AISystem for world ThirdPersonExampleMap
[2017.05.05-23.13.07:316][672]LogPlayLevel: PIE: World Init took: (0.000725s)
[2017.05.05-23.13.07:316][672]LogPlayLevel: PIE: Created PIE world by copying editor world from /Game/ThirdPersonBP/Maps/ThirdPersonExampleMap.ThirdPersonExampleMap to /Game/ThirdPersonBP/Maps/UEDPIE_0_ThirdPersonExampleMap.ThirdPersonExampleMap (0.017917s)
[2017.05.05-23.13.07:328][672]LogInit: XAudio2 using 'OUT (2- DUO-CAPTURE EX)' : 2 channels at 44.1 kHz using 16 bits per sample (channel mask 0x3)
[2017.05.05-23.13.07:330][672]LogInit: FAudioDevice initialized.
[2017.05.05-23.13.07:360][672]LogLoad: Game class is 'ThirdPersonGameMode_C'
[2017.05.05-23.13.07:362][672]LogWorld: Bringing World /Game/ThirdPersonBP/Maps/UEDPIE_0_ThirdPersonExampleMap.ThirdPersonExampleMap up for play (max tick rate 0) at 2017.05.05-19.13.07
[2017.05.05-23.13.07:363][672]LogWorld: Bringing up level for play took: 0.001532
[2017.05.05-23.13.07:363][672]PIE: Info Play in editor start time for /Game/ThirdPersonBP/Maps/UEDPIE_0_ThirdPersonExampleMap -0.72
[2017.05.05-23.13.07:363][672]LogBlueprintUserMessages: Late PlayInEditor Detection: Level '/Game/ThirdPersonBP/Maps/ThirdPersonExampleMap.ThirdPersonExampleMap:PersistentLevel' has LevelScriptBlueprint '/Game/ThirdPersonBP/Maps/ThirdPersonExampleMap.ThirdPersonExampleMap:PersistentLevel.ThirdPersonExampleMap' with GeneratedClass '/Game/ThirdPersonBP/Maps/ThirdPersonExampleMap.ThirdPersonExampleMap_C' with ClassGeneratedBy '/Game/ThirdPersonBP/Maps/ThirdPersonExampleMap.ThirdPersonExampleMap:PersistentLevel.ThirdPersonExampleMap'
[2017.05.05-23.13.18:892][ 46]LogBlueprintUserMessages: Early EndPlayMap Detection: Level '/Game/ThirdPersonBP/Maps/ThirdPersonExampleMap.ThirdPersonExampleMap:PersistentLevel' has LevelScriptBlueprint '/Game/ThirdPersonBP/Maps/ThirdPersonExampleMap.ThirdPersonExampleMap:PersistentLevel.ThirdPersonExampleMap' with GeneratedClass '/Game/ThirdPersonBP/Maps/ThirdPersonExampleMap.ThirdPersonExampleMap_C' with ClassGeneratedBy '/Game/ThirdPersonBP/Maps/ThirdPersonExampleMap.ThirdPersonExampleMap:PersistentLevel.ThirdPersonExampleMap'
[2017.05.05-23.13.18:932][ 46]LogBlueprintUserMessages: Late EndPlayMap Detection: Level '/Game/ThirdPersonBP/Maps/ThirdPersonExampleMap.ThirdPersonExampleMap:PersistentLevel' has LevelScriptBlueprint '/Game/ThirdPersonBP/Maps/ThirdPersonExampleMap.ThirdPersonExampleMap:PersistentLevel.ThirdPersonExampleMap' with GeneratedClass '/Game/ThirdPersonBP/Maps/ThirdPersonExampleMap.ThirdPersonExampleMap_C' with ClassGeneratedBy '/Game/ThirdPersonBP/Maps/ThirdPersonExampleMap.ThirdPersonExampleMap:PersistentLevel.ThirdPersonExampleMap'
[2017.05.05-23.13.36:653][124]LogMaterial: Missing cached shader map for material LayerVisMaterial, compiling. 
[2017.05.05-23.13.36:659][124]LogTemp:Display: Added material ShaderMap 0x000002371CD79280 with Material 0x0000023754A07280 to ShaderMapsBeingCompiled
[2017.05.05-23.13.36:668][124]LogTemp:Display: Kicking off shader compilation for LayerVisMaterial, GameThreadShaderMap 0x000002371CD79280
[2017.05.05-23.13.36:692][124]LogMaterial: Missing cached shader map for material SelectBrushMaterial, compiling. 
[2017.05.05-23.13.36:693][124]LogTemp:Display: Added material ShaderMap 0x00000237559F6080 with Material 0x00000237559B1D80 to ShaderMapsBeingCompiled
[2017.05.05-23.13.36:708][124]LogTemp:Display: Kicking off shader compilation for SelectBrushMaterial, GameThreadShaderMap 0x00000237559F6080
[2017.05.05-23.13.36:721][124]LogMaterial: Missing cached shader map for material SelectBrushMaterial, compiling. 
[2017.05.05-23.13.36:735][124]LogTemp:Display: Added material ShaderMap 0x000002370CDDC800 with Material 0x000002375510DF00 to ShaderMapsBeingCompiled
[2017.05.05-23.13.36:746][124]LogTemp:Display: Kicking off shader compilation for SelectBrushMaterial, GameThreadShaderMap 0x000002370CDDC800
[2017.05.05-23.13.36:772][124]LogMaterial: Missing cached shader map for material MaskBrushMaterial, compiling. 
[2017.05.05-23.13.36:773][124]LogTemp:Display: Added material ShaderMap 0x00000237057E5280 with Material 0x0000023776C86980 to ShaderMapsBeingCompiled
[2017.05.05-23.13.36:783][124]LogTemp:Display: Kicking off shader compilation for MaskBrushMaterial, GameThreadShaderMap 0x00000237057E5280
[2017.05.05-23.13.36:800][124]LogMaterial: Missing cached shader map for material LandscapeLayerUsageMaterial, compiling. 
[2017.05.05-23.13.36:801][124]LogTemp:Display: Added material ShaderMap 0x000002370CDA0F00 with Material 0x0000023755417A00 to ShaderMapsBeingCompiled
[2017.05.05-23.13.36:807][124]LogTemp:Display: Kicking off shader compilation for LandscapeLayerUsageMaterial, GameThreadShaderMap 0x000002370CDA0F00
[2017.05.05-23.13.36:890][124]LogMaterial: Missing cached shader map for material CircleBrushMaterial, compiling. 
[2017.05.05-23.13.36:891][124]LogTemp:Display: Added material ShaderMap 0x000002370CFA7200 with Material 0x00000237559C2800 to ShaderMapsBeingCompiled
[2017.05.05-23.13.36:902][124]LogTemp:Display: Kicking off shader compilation for CircleBrushMaterial, GameThreadShaderMap 0x000002370CFA7200
[2017.05.05-23.13.36:904][124]LogMaterial: Missing cached shader map for material CircleBrushMaterial, compiling. 
[2017.05.05-23.13.36:905][124]LogTemp:Display: Added material ShaderMap 0x000002371D69AE80 with Material 0x00000237559D0700 to ShaderMapsBeingCompiled
[2017.05.05-23.13.36:916][124]LogTemp:Display: Kicking off shader compilation for CircleBrushMaterial, GameThreadShaderMap 0x000002371D69AE80
[2017.05.05-23.13.36:920][124]LogMaterial: Missing cached shader map for material CircleBrushMaterial, compiling. 
[2017.05.05-23.13.36:922][124]LogTemp:Display: Added material ShaderMap 0x00000237130ED280 with Material 0x00000237559D6F80 to ShaderMapsBeingCompiled
[2017.05.05-23.13.36:933][124]LogTemp:Display: Kicking off shader compilation for CircleBrushMaterial, GameThreadShaderMap 0x00000237130ED280
[2017.05.05-23.13.36:944][124]LogMaterial: Missing cached shader map for material CircleBrushMaterial, compiling. 
[2017.05.05-23.13.36:945][124]LogTemp:Display: Added material ShaderMap 0x000002370D1FF200 with Material 0x0000023755ACFB80 to ShaderMapsBeingCompiled
[2017.05.05-23.13.36:956][124]LogTemp:Display: Kicking off shader compilation for CircleBrushMaterial, GameThreadShaderMap 0x000002370D1FF200
[2017.05.05-23.13.36:964][124]LogMaterial: Missing cached shader map for material AlphaBrushMaterial, compiling. 
[2017.05.05-23.13.36:965][124]LogTemp:Display: Added material ShaderMap 0x000002371D177580 with Material 0x000002375593A980 to ShaderMapsBeingCompiled
[2017.05.05-23.13.36:976][124]LogTemp:Display: Kicking off shader compilation for AlphaBrushMaterial, GameThreadShaderMap 0x000002371D177580
[2017.05.05-23.13.36:989][124]LogMaterial: Missing cached shader map for material CircleBrushMaterial, compiling. 
[2017.05.05-23.13.36:990][124]LogTemp:Display: Added material ShaderMap 0x000002371CD3D980 with Material 0x0000023755887280 to ShaderMapsBeingCompiled
[2017.05.05-23.13.37:001][124]LogTemp:Display: Kicking off shader compilation for CircleBrushMaterial, GameThreadShaderMap 0x000002371CD3D980
[2017.05.05-23.13.37:002][124]LogTemp:Display: Added shader map 0x00000237559F6080 from material 0x0000023754E36080
[2017.05.05-23.13.37:002][124]LogTemp:Display: Found existing compiling shader for material SelectBrushMaterial, linking to other GameThreadShaderMap 0x00000237559F6080
[2017.05.05-23.13.37:013][124]LogMaterial: Missing cached shader map for material MaskBrushMaterial, compiling. 
[2017.05.05-23.13.37:014][124]LogTemp:Display: Added material ShaderMap 0x000002371D640480 with Material 0x00000237550F0700 to ShaderMapsBeingCompiled
[2017.05.05-23.13.37:025][124]LogTemp:Display: Kicking off shader compilation for MaskBrushMaterial, GameThreadShaderMap 0x000002371D640480
[2017.05.05-23.13.37:069][124]LogTexture:Display: Building textures: Texture2D_2 (G8, 128X128) - 114 MB total VRAM
[2017.05.05-23.13.38:151][226]LogActorComponent: UnregisterComponent: (/Engine/Transient.SphereBrushComponent) Not registered. Aborting.
[2017.05.05-23.13.38:158][226]LogTexture:Display: Building textures: Texture2D_3 (G8, 128X128) - 114 MB total VRAM
[2017.05.05-23.13.38:844][283]LogTemp:Display: Finished compile of shader map 0x000002371CD79280
[2017.05.05-23.13.38:844][283]LogTemp:Display: Shader map LayerVisMaterial complete, GameThreadShaderMap 0x000002371CD79280, marking material LayerVisMaterial as finished
[2017.05.05-23.13.38:844][283]LogTemp:Display: Marking material as finished 0x0000023754A07280
[2017.05.05-23.13.40:455][467]LogTemp:Display: Finished compile of shader map 0x00000237559F6080
[2017.05.05-23.13.40:455][467]LogTemp:Display: Shader map SelectBrushMaterial complete, GameThreadShaderMap 0x00000237559F6080, marking material SelectBrushMaterial as finished
[2017.05.05-23.13.40:455][467]LogTemp:Display: Marking material as finished 0x00000237559B1D80
[2017.05.05-23.13.40:456][467]LogTemp:Display: Shader map SelectBrushMaterial complete, GameThreadShaderMap 0x00000237559F6080, marking material SelectBrushMaterial as finished
[2017.05.05-23.13.40:456][467]LogTemp:Display: Marking material as finished 0x0000023754E36080
[2017.05.05-23.13.44:141][892]LogTemp:Display: Finished compile of shader map 0x000002370CDDC800
[2017.05.05-23.13.44:141][892]LogTemp:Display: Shader map SelectBrushMaterial complete, GameThreadShaderMap 0x000002370CDDC800, marking material SelectBrushMaterial as finished
[2017.05.05-23.13.44:141][892]LogTemp:Display: Marking material as finished 0x000002375510DF00
[2017.05.05-23.13.47:724][263]LogTemp:Display: Finished compile of shader map 0x00000237057E5280
[2017.05.05-23.13.47:724][263]LogTemp:Display: Shader map MaskBrushMaterial complete, GameThreadShaderMap 0x00000237057E5280, marking material MaskBrushMaterial as finished
[2017.05.05-23.13.47:724][263]LogTemp:Display: Marking material as finished 0x0000023776C86980
[2017.05.05-23.13.47:726][263]LogTemp:Display: Finished compile of shader map 0x000002370CDA0F00
[2017.05.05-23.13.47:726][263]LogTemp:Display: Shader map LandscapeLayerUsageMaterial complete, GameThreadShaderMap 0x000002370CDA0F00, marking material LandscapeLayerUsageMaterial as finished
[2017.05.05-23.13.47:726][263]LogTemp:Display: Marking material as finished 0x0000023755417A00
[2017.05.05-23.13.53:120][856]LogTemp:Display: Finished compile of shader map 0x000002371D69AE80
[2017.05.05-23.13.53:120][856]LogTemp:Display: Shader map CircleBrushMaterial complete, GameThreadShaderMap 0x000002371D69AE80, marking material CircleBrushMaterial as finished
[2017.05.05-23.13.53:120][856]LogTemp:Display: Marking material as finished 0x00000237559D0700
[2017.05.05-23.13.53:123][856]LogTemp:Display: Finished compile of shader map 0x000002370CFA7200
[2017.05.05-23.13.53:123][856]LogTemp:Display: Shader map CircleBrushMaterial complete, GameThreadShaderMap 0x000002370CFA7200, marking material CircleBrushMaterial as finished
[2017.05.05-23.13.53:123][856]LogTemp:Display: Marking material as finished 0x00000237559C2800
[2017.05.05-23.13.57:077][290]LogTemp:Display: Finished compile of shader map 0x00000237130ED280
[2017.05.05-23.13.57:077][290]LogTemp:Display: Shader map CircleBrushMaterial complete, GameThreadShaderMap 0x00000237130ED280, marking material CircleBrushMaterial as finished
[2017.05.05-23.13.57:077][290]LogTemp:Display: Marking material as finished 0x00000237559D6F80
[2017.05.05-23.13.58:112][404]LogTemp:Display: Finished compile of shader map 0x000002370D1FF200
[2017.05.05-23.13.58:112][404]LogTemp:Display: Shader map CircleBrushMaterial complete, GameThreadShaderMap 0x000002370D1FF200, marking material CircleBrushMaterial as finished
[2017.05.05-23.13.58:112][404]LogTemp:Display: Marking material as finished 0x0000023755ACFB80
[2017.05.05-23.14.02:566][891]LogTemp:Display: Finished compile of shader map 0x000002371D177580
[2017.05.05-23.14.02:566][891]LogTemp:Display: Shader map AlphaBrushMaterial complete, GameThreadShaderMap 0x000002371D177580, marking material AlphaBrushMaterial as finished
[2017.05.05-23.14.02:566][891]LogTemp:Display: Marking material as finished 0x000002375593A980
[2017.05.05-23.14.05:651][230]LogTemp:Display: Finished compile of shader map 0x000002371CD3D980
[2017.05.05-23.14.05:651][230]LogTemp:Display: Shader map CircleBrushMaterial complete, GameThreadShaderMap 0x000002371CD3D980, marking material CircleBrushMaterial as finished
[2017.05.05-23.14.05:651][230]LogTemp:Display: Marking material as finished 0x0000023755887280
[2017.05.05-23.14.05:795][245]LogTemp:Display: Finished compile of shader map 0x000002371D640480
[2017.05.05-23.14.05:795][245]LogTemp:Display: Shader map MaskBrushMaterial complete, GameThreadShaderMap 0x000002371D640480, marking material MaskBrushMaterial as finished
[2017.05.05-23.14.05:795][245]LogTemp:Display: Marking material as finished 0x00000237550F0700
[2017.05.05-23.14.56:707][198]LogSlate: Took 0.015082 seconds to synchronously load lazily loaded font '../../../Engine/Content/Editor/Slate/Fonts/Roboto-Black.ttf' (162K)
[2017.05.05-23.15.28:707][  1]LogSlate: Took 0.003943 seconds to synchronously load lazily loaded font '../../../Engine/Content/Editor/Slate/Fonts/Roboto-Italic.ttf' (157K)
[2017.05.05-23.19.57:876][148]LogSlate: Took 0.000835 seconds to synchronously load lazily loaded font '../../../Engine/Content/Slate/Fonts/Roboto-Light.ttf' (159K)
[2017.05.05-23.20.06:852][175]LogSlate: Took 0.000353 seconds to synchronously load lazily loaded font '../../../Engine/Content/Slate/Fonts/Roboto-Light.ttf' (159K)
[2017.05.05-23.20.07:196][175]LogSavePackage: Save=225.03ms
[2017.05.05-23.20.07:196][175]LogSavePackage: Moving 'C:/Users/Victor Wang/Documents/GitHub/wtf/Shiny-invention/Shooter/Saved/ThirdPersonExampleMap_Auto1D1DDA67747BC6F7B0F72C588C90B8C6B.tmp' to 'C:/Users/Victor Wang/Documents/GitHub/wtf/Shiny-invention/Shooter/Saved/Autosaves/Game/ThirdPersonBP/Maps/ThirdPersonExampleMap_Auto1.umap'
[2017.05.05-23.20.07:198][175]LogSavePackage:Display: Finished SavePackage C:/Users/Victor Wang/Documents/GitHub/wtf/Shiny-invention/Shooter/Saved/Autosaves/Game/ThirdPersonBP/Maps/ThirdPersonExampleMap_Auto1.umap
[2017.05.05-23.20.07:199][175]LogFileHelpers: Editor autosave (incl. sublevels) for '/Game/ThirdPersonBP/Maps/ThirdPersonExampleMap' took 0.287
[2017.05.05-23.20.07:199][175]LogFileHelpers: Editor autosave (incl. sublevels) for all levels took 0.287
[2017.05.05-23.22.52:170][927]LogEditorViewport: Clicking on Actor (LMB): StaticMeshActor (Cube)
[2017.05.05-23.22.55:369][ 98]Cmd: QUIT_EDITOR
[2017.05.05-23.22.55:563][ 98]LogWindowsTextInputMethodSystem:Display: IME system now activated using TSF (Microsoft Pinyin).
[2017.05.05-23.22.55:602][ 98]LogExit: Preparing to exit.
[2017.05.05-23.22.56:220][ 98]LogExit: Editor shut down
[2017.05.05-23.22.56:220][ 98]LogExit: Transaction tracking system shut down
[2017.05.05-23.22.56:271][ 98]LogObj: Freed 0b from 0 cluster array pools.
[2017.05.05-23.22.56:271][ 98]LogExit: Object subsystem successfully closed.
[2017.05.05-23.22.56:290][ 98]LogD3D11RHI: Shutdown
[2017.05.05-23.22.56:290][ 98]LogD3D11RHI: CleanupD3DDevice
[2017.05.05-23.22.56:366][ 98]LogD3D11RHI: ~FD3D11DynamicRHI
[2017.05.05-23.22.56:374][ 98]LogModuleManager: Shutting down and abandoning module PortalProxies (502)
[2017.05.05-23.22.56:374][ 98]LogModuleManager: Shutting down and abandoning module MovieSceneCapture (500)
[2017.05.05-23.22.56:374][ 98]LogModuleManager: Shutting down and abandoning module HierarchicalLODOutliner (498)
[2017.05.05-23.22.56:374][ 98]LogModuleManager: Shutting down and abandoning module CrashTracker (496)
[2017.05.05-23.22.56:374][ 98]LogModuleManager: Shutting down and abandoning module SceneOutliner (494)
[2017.05.05-23.22.56:374][ 98]LogModuleManager: Shutting down and abandoning module AddContentDialog (492)
[2017.05.05-23.22.56:374][ 98]LogDirectoryWatcher: A directory notification for 'd:/Program Files/Epic Games/UE_4.15/FeaturePacks/' was aborted.
[2017.05.05-23.22.56:375][ 98]LogModuleManager: Shutting down and abandoning module WidgetCarousel (491)
[2017.05.05-23.22.56:375][ 98]LogModuleManager: Shutting down and abandoning module EditorWidgets (488)
[2017.05.05-23.22.56:375][ 98]LogModuleManager: Shutting down and abandoning module CollectionManager (486)
[2017.05.05-23.22.56:375][ 98]LogDirectoryWatcher: A directory notification for 'C:/Users/Victor Wang/Documents/GitHub/wtf/Shiny-invention/Shooter/Content/Collections/' was aborted.
[2017.05.05-23.22.56:375][ 98]LogDirectoryWatcher: A directory notification for 'C:/Users/Victor Wang/Documents/GitHub/wtf/Shiny-invention/Shooter/Content/Developers/VictorWang/Collections/' was aborted.
[2017.05.05-23.22.56:375][ 98]LogDirectoryWatcher: A directory notification for 'C:/Users/Victor Wang/Documents/GitHub/wtf/Shiny-invention/Shooter/Saved/Collections/' was aborted.
[2017.05.05-23.22.56:376][ 98]LogModuleManager: Shutting down and abandoning module StatsViewer (484)
[2017.05.05-23.22.56:376][ 98]LogModuleManager: Shutting down and abandoning module FoliageEdit (482)
[2017.05.05-23.22.56:376][ 98]LogModuleManager: Shutting down and abandoning module LandscapeEditor (480)
[2017.05.05-23.22.56:376][ 98]LogModuleManager: Shutting down and abandoning module SceneDepthPickerMode (478)
[2017.05.05-23.22.56:376][ 98]LogModuleManager: Shutting down and abandoning module ActorPickerMode (476)
[2017.05.05-23.22.56:376][ 98]LogModuleManager: Shutting down and abandoning module GeometryMode (474)
[2017.05.05-23.22.56:376][ 98]LogModuleManager: Shutting down and abandoning module TextureAlignMode (472)
[2017.05.05-23.22.56:376][ 98]LogModuleManager: Shutting down and abandoning module BspMode (470)
[2017.05.05-23.22.56:376][ 98]LogModuleManager: Shutting down and abandoning module HardwareSurvey (468)
[2017.05.05-23.22.56:376][ 98]LogModuleManager: Shutting down and abandoning module SequenceRecorderSections (466)
[2017.05.05-23.22.56:376][ 98]LogModuleManager: Shutting down and abandoning module AutomationWorker (464)
[2017.05.05-23.22.56:376][ 98]LogModuleManager: Shutting down and abandoning module MatineeToLevelSequence (462)
[2017.05.05-23.22.56:376][ 98]LogModuleManager: Shutting down and abandoning module LevelSequenceEditor (460)
[2017.05.05-23.22.56:376][ 98]LogModuleManager: Shutting down and abandoning module PlacementMode (459)
[2017.05.05-23.22.56:376][ 98]LogModuleManager: Shutting down and abandoning module WmfMediaFactory (456)
[2017.05.05-23.22.56:376][ 98]LogModuleManager: Shutting down and abandoning module WmfMediaEditor (454)
[2017.05.05-23.22.56:376][ 98]LogModuleManager: Shutting down and abandoning module MfMediaFactory (452)
[2017.05.05-23.22.56:376][ 98]LogModuleManager: Shutting down and abandoning module MfMediaEditor (450)
[2017.05.05-23.22.56:376][ 98]LogModuleManager: Shutting down and abandoning module AvfMediaFactory (448)
[2017.05.05-23.22.56:376][ 98]LogModuleManager: Shutting down and abandoning module AvfMediaEditor (446)
[2017.05.05-23.22.56:376][ 98]LogModuleManager: Shutting down and abandoning module AndroidMediaFactory (444)
[2017.05.05-23.22.56:376][ 98]LogModuleManager: Shutting down and abandoning module Media (443)
[2017.05.05-23.22.56:376][ 98]LogModuleManager: Shutting down and abandoning module AndroidMediaEditor (440)
[2017.05.05-23.22.56:376][ 98]LogModuleManager: Shutting down and abandoning module CharacterAI (438)
[2017.05.05-23.22.56:376][ 98]LogModuleManager: Shutting down and abandoning module AudioCapture (436)
[2017.05.05-23.22.56:376][ 98]LogModuleManager: Shutting down and abandoning module SequenceRecorder (435)
[2017.05.05-23.22.56:376][ 98]LogModuleManager: Shutting down and abandoning module SmartSnapping (432)
[2017.05.05-23.22.56:376][ 98]LogModuleManager: Shutting down and abandoning module SessionServices (430)
[2017.05.05-23.22.56:376][ 98]LogModuleManager: Shutting down and abandoning module ViewportSnapping (428)
[2017.05.05-23.22.56:376][ 98]LogModuleManager: Shutting down and abandoning module ViewportInteraction (426)
[2017.05.05-23.22.56:376][ 98]LogModuleManager: Shutting down and abandoning module LogVisualizer (424)
[2017.05.05-23.22.56:376][ 98]LogModuleManager: Shutting down and abandoning module IntroTutorials (422)
[2017.05.05-23.22.56:376][ 98]LogModuleManager: Shutting down and abandoning module GameProjectGeneration (421)
[2017.05.05-23.22.56:376][ 98]LogModuleManager: Shutting down and abandoning module EditorLiveStreaming (418)
[2017.05.05-23.22.56:376][ 98]LogModuleManager: Shutting down and abandoning module IOSPlatformEditor (416)
[2017.05.05-23.22.56:376][ 98]LogModuleManager: Shutting down and abandoning module HTML5PlatformEditor (414)
[2017.05.05-23.22.56:376][ 98]LogModuleManager: Shutting down and abandoning module AndroidPlatformEditor (412)
[2017.05.05-23.22.56:376][ 98]LogModuleManager: Shutting down and abandoning module AndroidDeviceDetection (411)
[2017.05.05-23.22.57:115][ 98]LogModuleManager: Shutting down and abandoning module IOSRuntimeSettings (408)
[2017.05.05-23.22.57:115][ 98]LogModuleManager: Shutting down and abandoning module AndroidRuntimeSettings (406)
[2017.05.05-23.22.57:115][ 98]LogModuleManager: Shutting down and abandoning module InputBindingEditor (404)
[2017.05.05-23.22.57:115][ 98]LogModuleManager: Shutting down and abandoning module NiagaraEditor (402)
[2017.05.05-23.22.57:115][ 98]LogModuleManager: Shutting down and abandoning module MergeActors (400)
[2017.05.05-23.22.57:115][ 98]LogModuleManager: Shutting down and abandoning module SizeMap (398)
[2017.05.05-23.22.57:115][ 98]LogModuleManager: Shutting down and abandoning module TreeMap (396)
[2017.05.05-23.22.57:115][ 98]LogModuleManager: Shutting down and abandoning module ReferenceViewer (394)
[2017.05.05-23.22.57:115][ 98]LogModuleManager: Shutting down and abandoning module LocalizationDashboard (392)
[2017.05.05-23.22.57:115][ 98]LogModuleManager: Shutting down and abandoning module LocalizationService (391)
[2017.05.05-23.22.57:115][ 98]LogModuleManager: Shutting down and abandoning module HardwareTargeting (388)
[2017.05.05-23.22.57:115][ 98]LogModuleManager: Shutting down and abandoning module DeviceProfileEditor (386)
[2017.05.05-23.22.57:115][ 98]LogModuleManager: Shutting down and abandoning module UndoHistory (384)
[2017.05.05-23.22.57:115][ 98]LogModuleManager: Shutting down and abandoning module UserFeedback (382)
[2017.05.05-23.22.57:115][ 98]LogModuleManager: Shutting down and abandoning module XmlParser (380)
[2017.05.05-23.22.57:115][ 98]LogModuleManager: Shutting down and abandoning module Blutility (378)
[2017.05.05-23.22.57:115][ 98]LogModuleManager: Shutting down and abandoning module ProjectSettingsViewer (376)
[2017.05.05-23.22.57:115][ 98]LogModuleManager: Shutting down and abandoning module ProjectTargetPlatformEditor (375)
[2017.05.05-23.22.57:116][ 98]LogModuleManager: Shutting down and abandoning module EditorSettingsViewer (372)
[2017.05.05-23.22.57:116][ 98]LogModuleManager: Shutting down and abandoning module SettingsEditor (370)
[2017.05.05-23.22.57:116][ 98]LogModuleManager: Shutting down and abandoning module ProjectLauncher (368)
[2017.05.05-23.22.57:116][ 98]LogModuleManager: Shutting down and abandoning module SessionFrontend (366)
[2017.05.05-23.22.57:116][ 98]LogModuleManager: Shutting down and abandoning module ProfilerClient (364)
[2017.05.05-23.22.57:116][ 98]LogModuleManager: Shutting down and abandoning module DeviceManager (362)
[2017.05.05-23.22.57:116][ 98]LogModuleManager: Shutting down and abandoning module TargetDeviceServices (361)
[2017.05.05-23.22.57:159][ 98]LogModuleManager: Shutting down and abandoning module AutomationController (358)
[2017.05.05-23.22.57:159][ 98]LogModuleManager: Shutting down and abandoning module AutomationWindow (356)
[2017.05.05-23.22.57:159][ 98]LogModuleManager: Shutting down and abandoning module Layers (354)
[2017.05.05-23.22.57:159][ 98]LogModuleManager: Shutting down and abandoning module ComponentVisualizers (352)
[2017.05.05-23.22.57:159][ 98]LogModuleManager: Shutting down and abandoning module DetailCustomizations (350)
[2017.05.05-23.22.57:159][ 98]LogModuleManager: Shutting down and abandoning module PackagesDialog (348)
[2017.05.05-23.22.57:160][ 98]LogModuleManager: Shutting down and abandoning module Persona (346)
[2017.05.05-23.22.57:160][ 98]LogModuleManager: Shutting down and abandoning module AnimGraph (345)
[2017.05.05-23.22.57:160][ 98]LogModuleManager: Shutting down and abandoning module Kismet (342)
[2017.05.05-23.22.57:161][ 98]LogModuleManager: Shutting down and abandoning module GraphEditor (340)
[2017.05.05-23.22.57:161][ 98]LogModuleManager: Shutting down and abandoning module ClassViewer (338)
[2017.05.05-23.22.57:162][ 98]LogModuleManager: Shutting down and abandoning module Toolbox (336)
[2017.05.05-23.22.57:162][ 98]LogModuleManager: Shutting down and abandoning module ModuleUI (334)
[2017.05.05-23.22.57:162][ 98]LogModuleManager: Shutting down and abandoning module MovieSceneTools (332)
[2017.05.05-23.22.57:162][ 98]LogModuleManager: Shutting down and abandoning module OutputLog (330)
[2017.05.05-23.22.57:162][ 98]LogModuleManager: Shutting down and abandoning module GammaUI (328)
[2017.05.05-23.22.57:162][ 98]LogModuleManager: Shutting down and abandoning module Documentation (326)
[2017.05.05-23.22.57:162][ 98]LogModuleManager: Shutting down and abandoning module Niagara (324)
[2017.05.05-23.22.57:162][ 98]LogModuleManager: Shutting down and abandoning module StreamingPauseRendering (322)
[2017.05.05-23.22.57:162][ 98]LogModuleManager: Shutting down and abandoning module AnalyticsET (320)
[2017.05.05-23.22.57:162][ 98]LogModuleManager: Shutting down and abandoning module PortalServices (318)
[2017.05.05-23.22.57:162][ 98]LogModuleManager: Shutting down and abandoning module PortalRpc (316)
[2017.05.05-23.22.57:162][ 98]LogModuleManager: Shutting down and abandoning module MessagingRpc (314)
[2017.05.05-23.22.57:162][ 98]LogModuleManager: Shutting down and abandoning module AIModule (312)
[2017.05.05-23.22.57:162][ 98]LogModuleManager: Shutting down and abandoning module GameplayDebugger (311)
[2017.05.05-23.22.57:162][ 98]LogModuleManager: Shutting down and abandoning module AITestSuite (309)
[2017.05.05-23.22.57:162][ 98]LogModuleManager: Shutting down and abandoning module ProfilerService (306)
[2017.05.05-23.22.57:342][ 98]LogModuleManager: Shutting down and abandoning module TaskGraph (304)
[2017.05.05-23.22.57:342][ 98]LogModuleManager: Shutting down and abandoning module SteamVRController (302)
[2017.05.05-23.22.57:342][ 98]LogModuleManager: Shutting down and abandoning module SteamVR (300)
[2017.05.05-23.22.57:342][ 98]LogModuleManager: Shutting down and abandoning module ProceduralMeshComponentEditor (298)
[2017.05.05-23.22.57:342][ 98]LogModuleManager: Shutting down and abandoning module ProceduralMeshComponent (296)
[2017.05.05-23.22.57:342][ 98]LogModuleManager: Shutting down and abandoning module OculusLibrary (294)
[2017.05.05-23.22.57:342][ 98]LogModuleManager: Shutting down and abandoning module OculusInput (292)
[2017.05.05-23.22.57:342][ 98]LogModuleManager: Shutting down and abandoning module MobilePatchingUtils (290)
[2017.05.05-23.22.57:342][ 98]LogModuleManager: Shutting down and abandoning module CustomMeshComponent (288)
[2017.05.05-23.22.57:342][ 98]LogModuleManager: Shutting down and abandoning module CableComponent (286)
[2017.05.05-23.22.57:342][ 98]LogModuleManager: Shutting down and abandoning module ArchVisCharacter (284)
[2017.05.05-23.22.57:342][ 98]LogModuleManager: Shutting down and abandoning module MediaPlayerEditor (280)
[2017.05.05-23.22.57:342][ 98]LogModuleManager: Shutting down and abandoning module HTML5Networking (278)
[2017.05.05-23.22.57:342][ 98]LogModuleManager: Shutting down and abandoning module AlembicImporter (276)
[2017.05.05-23.22.57:342][ 98]LogModuleManager: Shutting down and abandoning module AlembicLibrary (275)
[2017.05.05-23.22.57:342][ 98]LogModuleManager: Shutting down and abandoning module GeometryCache (274)
[2017.05.05-23.22.57:342][ 98]LogModuleManager: Shutting down and abandoning module GeometryCacheEd (273)
[2017.05.05-23.22.57:342][ 98]LogModuleManager: Shutting down and abandoning module SuperSearchEditor (268)
[2017.05.05-23.22.57:342][ 98]LogModuleManager: Shutting down and abandoning module SuperSearch (267)
[2017.05.05-23.22.57:342][ 98]LogModuleManager: Shutting down and abandoning module SpeedTreeImporter (264)
[2017.05.05-23.22.57:342][ 98]LogModuleManager: Shutting down and abandoning module PluginBrowser (262)
[2017.05.05-23.22.57:342][ 98]LogModuleManager: Shutting down and abandoning module MobileLauncherProfileWizard (260)
[2017.05.05-23.22.57:342][ 98]LogModuleManager: Shutting down and abandoning module EpicSurvey (258)
[2017.05.05-23.22.57:342][ 98]LogModuleManager: Shutting down and abandoning module VisualStudioSourceCodeAccess (256)
[2017.05.05-23.22.57:342][ 98]LogModuleManager: Shutting down and abandoning module DesktopPlatform (255)
[2017.05.05-23.22.57:342][ 98]LogModuleManager: Shutting down and abandoning module UObjectPlugin (252)
[2017.05.05-23.22.57:342][ 98]LogModuleManager: Shutting down and abandoning module SubversionSourceControl (250)
[2017.05.05-23.22.57:342][ 98]LogModuleManager: Shutting down and abandoning module PerforceSourceControl (248)
[2017.05.05-23.22.57:342][ 98]LogModuleManager: Shutting down and abandoning module GitSourceControl (246)
[2017.05.05-23.22.57:342][ 98]LogModuleManager: Shutting down and abandoning module SourceControl (245)
[2017.05.05-23.22.57:342][ 98]LogModuleManager: Shutting down and abandoning module LightPropagationVolumeEditor (242)
[2017.05.05-23.22.57:342][ 98]LogModuleManager: Shutting down and abandoning module PaperTiledImporter (240)
[2017.05.05-23.22.57:342][ 98]LogModuleManager: Shutting down and abandoning module PaperSpriteSheetImporter (238)
[2017.05.05-23.22.57:342][ 98]LogModuleManager: Shutting down and abandoning module Paper2DEditor (236)
[2017.05.05-23.22.57:342][ 98]LogModuleManager: Shutting down and abandoning module MeshPaint (235)
[2017.05.05-23.22.57:342][ 98]LogModuleManager: Shutting down and abandoning module LevelEditor (233)
[2017.05.05-23.22.57:343][ 98]LogModuleManager: Shutting down and abandoning module PixelInspectorModule (232)
[2017.05.05-23.22.57:343][ 98]LogModuleManager: Shutting down and abandoning module MainFrame (230)
[2017.05.05-23.22.57:343][ 98]LogModuleManager: Shutting down and abandoning module HotReload (229)
[2017.05.05-23.22.57:344][ 98]LogModuleManager: Shutting down and abandoning module ContentBrowser (225)
[2017.05.05-23.22.57:344][ 98]LogModuleManager: Shutting down and abandoning module PhysXVehiclesEditor (222)
[2017.05.05-23.22.57:344][ 98]LogModuleManager: Shutting down and abandoning module PhysXVehicles (220)
[2017.05.05-23.22.57:344][ 98]LogModuleManager: Shutting down and abandoning module LocationServicesBPLibrary (218)
[2017.05.05-23.22.57:344][ 98]LogModuleManager: Shutting down and abandoning module UdpMessaging (216)
[2017.05.05-23.22.57:445][ 98]LogModuleManager: Shutting down and abandoning module TcpMessaging (214)
[2017.05.05-23.22.57:546][ 98]LogModuleManager: Shutting down and abandoning module GameplayTagsEditor (212)
[2017.05.05-23.22.57:546][ 98]LogModuleManager: Shutting down and abandoning module FacialAnimationEditor (210)
[2017.05.05-23.22.57:546][ 98]LogModuleManager: Shutting down and abandoning module FacialAnimation (208)
[2017.05.05-23.22.57:546][ 98]LogModuleManager: Shutting down and abandoning module LightPropagationVolumeRuntime (206)
[2017.05.05-23.22.57:546][ 98]LogModuleManager: Shutting down and abandoning module Paper2D (204)
[2017.05.05-23.22.57:546][ 98]LogModuleManager: Shutting down and abandoning module WindowsMoviePlayer (202)
[2017.05.05-23.22.57:546][ 98]LogModuleManager: Shutting down and abandoning module WmfMedia (200)
[2017.05.05-23.22.57:546][ 98]LogModuleManager: Shutting down and abandoning module MfMedia (198)
[2017.05.05-23.22.57:546][ 98]LogModuleManager: Shutting down and abandoning module MediaAssets (196)
[2017.05.05-23.22.57:546][ 98]LogModuleManager: Shutting down and abandoning module GameLiveStreaming (194)
[2017.05.05-23.22.57:546][ 98]LogModuleManager: Shutting down and abandoning module VREditor (192)
[2017.05.05-23.22.57:546][ 98]LogModuleManager: Shutting down and abandoning module GameplayTasksEditor (190)
[2017.05.05-23.22.57:546][ 98]LogModuleManager: Shutting down and abandoning module BehaviorTreeEditor (188)
[2017.05.05-23.22.57:546][ 98]LogModuleManager: Shutting down and abandoning module FunctionalTesting (186)
[2017.05.05-23.22.57:546][ 98]LogModuleManager: Shutting down and abandoning module CollisionAnalyzer (184)
[2017.05.05-23.22.57:546][ 98]LogModuleManager: Shutting down and abandoning module UMG (182)
[2017.05.05-23.22.57:546][ 98]LogModuleManager: Shutting down and abandoning module UMGEditor (181)
[2017.05.05-23.22.57:546][ 98]LogModuleManager: Shutting down and abandoning module Sequencer (180)
[2017.05.05-23.22.57:546][ 98]LogModuleManager: Shutting down and abandoning module AssetTools (178)
[2017.05.05-23.22.57:546][ 98]LogModuleManager: Shutting down and abandoning module MessageLog (177)
[2017.05.05-23.22.57:546][ 98]LogModuleManager: Shutting down and abandoning module WorkspaceMenuStructure (176)
[2017.05.05-23.22.57:546][ 98]LogModuleManager: Shutting down and abandoning module SlateReflector (170)
[2017.05.05-23.22.57:546][ 98]LogModuleManager: Shutting down and abandoning module Slate (168)
[2017.05.05-23.22.57:546][ 98]LogModuleManager: Shutting down and abandoning module EditorStyle (166)
[2017.05.05-23.22.57:549][ 98]LogModuleManager: Shutting down and abandoning module SourceCodeAccess (164)
[2017.05.05-23.22.57:549][ 98]LogModuleManager: Shutting down and abandoning module HeadMountedDisplay (162)
[2017.05.05-23.22.57:549][ 98]LogModuleManager: Shutting down and abandoning module XAudio2 (160)
[2017.05.05-23.22.57:549][ 98]LogModuleManager: Shutting down and abandoning module Networking (158)
[2017.05.05-23.22.57:549][ 98]LogModuleManager: Shutting down and abandoning module Core (154)
[2017.05.05-23.22.57:549][ 98]LogModuleManager: Shutting down and abandoning module AssetRegistry (152)
[2017.05.05-23.22.57:625][ 98]LogDirectoryWatcher: A directory notification for '../../../Engine/Content/' was aborted.
[2017.05.05-23.22.57:625][ 98]LogDirectoryWatcher: A directory notification for 'C:/Users/Victor Wang/Documents/GitHub/wtf/Shiny-invention/Shooter/Content/' was aborted.
[2017.05.05-23.22.57:625][ 98]LogDirectoryWatcher: A directory notification for '../../../Engine/Plugins/2D/Paper2D/Content/' was aborted.
[2017.05.05-23.22.57:625][ 98]LogModuleManager: Shutting down and abandoning module DirectoryWatcher (151)
[2017.05.05-23.22.57:625][ 98]LogModuleManager: Shutting down and abandoning module KismetCompiler (148)
[2017.05.05-23.22.57:625][ 98]LogModuleManager: Shutting down and abandoning module PhysXFormats (146)
[2017.05.05-23.22.57:625][ 98]LogModuleManager: Shutting down and abandoning module MeshUtilities (144)
[2017.05.05-23.22.57:625][ 98]LogModuleManager: Shutting down and abandoning module SimplygonSwarm (143)
[2017.05.05-23.22.57:625][ 98]LogModuleManager: Shutting down and abandoning module SimplygonMeshReduction (141)
[2017.05.05-23.22.57:625][ 98]LogModuleManager: Shutting down and abandoning module QuadricMeshReduction (139)
[2017.05.05-23.22.57:625][ 98]LogModuleManager: Shutting down and abandoning module PropertyEditor (137)
[2017.05.05-23.22.57:625][ 98]LogModuleManager: Shutting down and abandoning module DerivedDataCache (134)
[2017.05.05-23.22.57:675][ 98]LogDerivedDataCache: Shutdown
[2017.05.05-23.22.57:675][ 98]LogModuleManager: Shutting down and abandoning module TargetPlatform (132)
[2017.05.05-23.22.57:675][ 98]LogModuleManager: Shutting down and abandoning module VulkanShaderFormat (131)
[2017.05.05-23.22.57:675][ 98]LogModuleManager: Shutting down and abandoning module ShaderFormatOpenGL (129)
[2017.05.05-23.22.57:675][ 98]LogModuleManager: Shutting down and abandoning module ShaderFormatD3D (127)
[2017.05.05-23.22.57:675][ 98]LogModuleManager: Shutting down and abandoning module MetalShaderFormat (125)
[2017.05.05-23.22.57:675][ 98]LogModuleManager: Shutting down and abandoning module TextureFormatUncompressed (123)
[2017.05.05-23.22.57:675][ 98]LogModuleManager: Shutting down and abandoning module TextureFormatPVR (121)
[2017.05.05-23.22.57:675][ 98]LogModuleManager: Shutting down and abandoning module TextureFormatDXT (119)
[2017.05.05-23.22.57:675][ 98]LogModuleManager: Shutting down and abandoning module TextureFormatIntelISPCTexComp (117)
[2017.05.05-23.22.57:675][ 98]LogModuleManager: Shutting down and abandoning module TextureFormatASTC (115)
[2017.05.05-23.22.57:675][ 98]LogModuleManager: Shutting down and abandoning module ImageWrapper (114)
[2017.05.05-23.22.57:675][ 98]LogModuleManager: Shutting down and abandoning module TextureFormatAndroid (111)
[2017.05.05-23.22.57:675][ 98]LogModuleManager: Shutting down and abandoning module AudioFormatOpus (109)
[2017.05.05-23.22.57:675][ 98]LogModuleManager: Shutting down and abandoning module AudioFormatOgg (107)
[2017.05.05-23.22.57:675][ 98]LogModuleManager: Shutting down and abandoning module AudioFormatADPCM (105)
[2017.05.05-23.22.57:675][ 98]LogModuleManager: Shutting down and abandoning module LinuxTargetPlatform (103)
[2017.05.05-23.22.57:675][ 98]LogModuleManager: Shutting down and abandoning module LinuxServerTargetPlatform (101)
[2017.05.05-23.22.57:675][ 98]LogModuleManager: Shutting down and abandoning module LinuxNoEditorTargetPlatform (99)
[2017.05.05-23.22.57:675][ 98]LogModuleManager: Shutting down and abandoning module LinuxClientTargetPlatform (97)
[2017.05.05-23.22.57:676][ 98]LogModuleManager: Shutting down and abandoning module TVOSTargetPlatform (95)
[2017.05.05-23.22.57:676][ 98]LogModuleManager: Shutting down and abandoning module Messaging (93)
[2017.05.05-23.22.57:676][ 98]LogModuleManager: Shutting down and abandoning module IOSTargetPlatform (91)
[2017.05.05-23.22.57:676][ 98]LogModuleManager: Shutting down and abandoning module HTML5TargetPlatform (89)
[2017.05.05-23.22.57:676][ 98]LogModuleManager: Shutting down and abandoning module Android_PVRTCTargetPlatform (87)
[2017.05.05-23.22.57:676][ 98]LogModuleManager: Shutting down and abandoning module Android_MultiTargetPlatform (85)
[2017.05.05-23.22.57:676][ 98]LogModuleManager: Shutting down and abandoning module Android_ETC2TargetPlatform (83)
[2017.05.05-23.22.57:676][ 98]LogModuleManager: Shutting down and abandoning module Android_ETC1TargetPlatform (81)
[2017.05.05-23.22.57:676][ 98]LogModuleManager: Shutting down and abandoning module Android_DXTTargetPlatform (79)
[2017.05.05-23.22.57:676][ 98]LogModuleManager: Shutting down and abandoning module Android_ATCTargetPlatform (77)
[2017.05.05-23.22.57:676][ 98]LogModuleManager: Shutting down and abandoning module Android_ASTCTargetPlatform (75)
[2017.05.05-23.22.57:676][ 98]LogModuleManager: Shutting down and abandoning module AndroidTargetPlatform (73)
[2017.05.05-23.22.57:676][ 98]LogModuleManager: Shutting down and abandoning module WindowsTargetPlatform (71)
[2017.05.05-23.22.57:676][ 98]LogModuleManager: Shutting down and abandoning module WindowsServerTargetPlatform (69)
[2017.05.05-23.22.57:676][ 98]LogModuleManager: Shutting down and abandoning module WindowsNoEditorTargetPlatform (67)
[2017.05.05-23.22.57:676][ 98]LogModuleManager: Shutting down and abandoning module WindowsClientTargetPlatform (65)
[2017.05.05-23.22.57:676][ 98]LogModuleManager: Shutting down and abandoning module MacTargetPlatform (63)
[2017.05.05-23.22.57:676][ 98]LogModuleManager: Shutting down and abandoning module MacServerTargetPlatform (61)
[2017.05.05-23.22.57:676][ 98]LogModuleManager: Shutting down and abandoning module MacNoEditorTargetPlatform (59)
[2017.05.05-23.22.57:676][ 98]LogModuleManager: Shutting down and abandoning module MacClientTargetPlatform (57)
[2017.05.05-23.22.57:676][ 98]LogModuleManager: Shutting down and abandoning module AllDesktopTargetPlatform (55)
[2017.05.05-23.22.57:676][ 98]LogModuleManager: Shutting down and abandoning module InputCore (52)
[2017.05.05-23.22.57:676][ 98]LogModuleManager: Shutting down and abandoning module Settings (50)
[2017.05.05-23.22.57:676][ 98]LogModuleManager: Shutting down and abandoning module OculusRift (48)
[2017.05.05-23.22.57:676][ 98]LogModuleManager: Shutting down and abandoning module GearVR (46)
[2017.05.05-23.22.57:676][ 98]LogModuleManager: Shutting down and abandoning module ExampleDeviceProfileSelector (44)
[2017.05.05-23.22.57:676][ 98]LogModuleManager: Shutting down and abandoning module OnlineBlueprintSupport (42)
[2017.05.05-23.22.57:676][ 98]LogModuleManager: Shutting down and abandoning module OnlineSubsystem (38)
[2017.05.05-23.22.57:676][ 98]LogOnline:Display: Unloading online subsystem: NULL
[2017.05.05-23.22.57:676][ 98]LogModuleManager: Shutting down and abandoning module XMPP (37)
[2017.05.05-23.22.57:676][ 98]LogModuleManager: Shutting down and abandoning module HTTP (35)
[2017.05.05-23.22.57:676][ 98]LogHttp:Display: Http module shutting down, but needs to wait on 1 outstanding Http requests:
[2017.05.05-23.22.57:676][ 98]LogHttp:Display: 	verb=[POST] url=[https://datarouter.ol.epicgames.com/datarouter/api/v1/public/data?SessionID=%7B3CF63EC3-42D0-C563-2FAA-75A07495C1C7%7D&AppID=UEEditor.Rocket.Release&AppVersion=4.15.2-3416026%2B%2B%2BUE4%2BRelease-4.15&UserID=d46b65a94ae58290be95d2be4bef1dbf%7Cd4e2615e6fe744059504e347d7f155af%7Cbe8166e7-20ae-4f48-89c5-dcc503b1127b&AppEnvironment=datacollector-binary&UploadType=eteventstream] status=Processing
[2017.05.05-23.22.57:694][ 98]LogModuleManager: Shutting down and abandoning module SSL (34)
[2017.05.05-23.22.57:695][ 98]LogModuleManager: Shutting down and abandoning module AudioEditor (30)
[2017.05.05-23.22.57:695][ 98]LogModuleManager: Shutting down and abandoning module TextureCompressor (28)
[2017.05.05-23.22.57:696][ 98]LogModuleManager: Shutting down and abandoning module ShaderCore (26)
[2017.05.05-23.22.57:696][ 98]LogModuleManager: Shutting down and abandoning module Landscape (24)
[2017.05.05-23.22.57:696][ 98]LogModuleManager: Shutting down and abandoning module SlateRHIRenderer (22)
[2017.05.05-23.22.57:703][ 98]LogModuleManager: Shutting down and abandoning module OpenGLDrv (20)
[2017.05.05-23.22.57:703][ 98]LogModuleManager: Shutting down and abandoning module D3D11RHI (18)
[2017.05.05-23.22.57:703][ 98]LogModuleManager: Shutting down and abandoning module AnimGraphRuntime (16)
[2017.05.05-23.22.57:703][ 98]LogModuleManager: Shutting down and abandoning module Renderer (14)
[2017.05.05-23.22.57:703][ 98]LogModuleManager: Shutting down and abandoning module Engine (12)
[2017.05.05-23.22.57:703][ 98]LogModuleManager: Shutting down and abandoning module CoreUObject (10)
[2017.05.05-23.22.57:703][ 98]LogModuleManager: Shutting down and abandoning module NetworkFile (8)
[2017.05.05-23.22.57:703][ 98]LogModuleManager: Shutting down and abandoning module StreamingFile (6)
[2017.05.05-23.22.57:703][ 98]LogModuleManager: Shutting down and abandoning module SandboxFile (4)
[2017.05.05-23.22.57:703][ 98]LogModuleManager: Shutting down and abandoning module PakFile (2)
[2017.05.05-23.22.57:705][ 98]LogExit: Exiting.
[2017.05.05-23.22.57:723][ 98]Log file closed, 05/05/17 19:22:57
